{"L":"INFO","timestamp":"2026-01-31T15:39:53.402+0700","caller":"utils/logger.go:71","M":"Logger initialized","log_file":"logs\\app-2026-01-31.log","debug_mode":true}
{"L":"INFO","timestamp":"2026-01-31T15:39:53.402+0700","caller":"aplikasi-pos-team-boolean/main.go:35","M":"Application starting","environment":"","debug":true}
{"L":"INFO","timestamp":"2026-01-31T15:39:53.458+0700","caller":"aplikasi-pos-team-boolean/main.go:46","M":"Database connection successful"}
{"L":"INFO","timestamp":"2026-01-31T15:39:53.458+0700","caller":"aplikasi-pos-team-boolean/main.go:57","M":"Running database migration","seed":false}
{"L":"INFO","timestamp":"2026-01-31T15:39:54.259+0700","caller":"wire/wire.go:137","M":"Routes registered successfully"}
{"L":"INFO","timestamp":"2026-01-31T15:39:54.259+0700","caller":"aplikasi-pos-team-boolean/main.go:72","M":"Server starting","port":"8080"}
{"L":"INFO","timestamp":"2026-01-31T15:42:16.817+0700","caller":"middleware/logging.go:28","M":"incoming request","method":"GET","path":"/api/v1/staff","query":"page=1&limit=10&sort_by=full_name&sort_order=asc","remote_addr":"::1","user_agent":"PostmanRuntime/7.37.3","referer":"","body_size":0,"content_type":""}
{"L":"DEBUG","timestamp":"2026-01-31T15:42:16.818+0700","caller":"adaptor/staff_adaptor.go:28","M":"GetList handler called","client_ip":"::1","query_string":"page=1&limit=10&sort_by=full_name&sort_order=asc"}
{"L":"DEBUG","timestamp":"2026-01-31T15:42:16.819+0700","caller":"usecase/staff.go:40","M":"Fetching staff list","page":1,"limit":10}
{"L":"INFO","timestamp":"2026-01-31T15:42:16.820+0700","caller":"repository/staff.go:33","M":"Finding all staff","page":1,"limit":10}
{"L":"INFO","timestamp":"2026-01-31T15:42:16.827+0700","caller":"repository/staff.go:95","M":"Successfully found all staff","total_items":3,"returned_items":3}
{"L":"INFO","timestamp":"2026-01-31T15:42:16.827+0700","caller":"usecase/staff.go:66","M":"Staff list fetched successfully","total_items":3,"returned_items":3,"page":1}
{"L":"INFO","timestamp":"2026-01-31T15:42:16.827+0700","caller":"adaptor/staff_adaptor.go:67","M":"GetList completed successfully","total_items":3,"returned_items":3,"page":1}
{"L":"INFO","timestamp":"2026-01-31T15:42:16.829+0700","caller":"middleware/logging.go:72","M":"request completed","method":"GET","path":"/api/v1/staff","query":"page=1&limit=10&sort_by=full_name&sort_order=asc","status":200,"duration":"12.4089ms","response_size":494}
{"L":"INFO","timestamp":"2026-01-31T17:09:58.557+0700","caller":"utils/logger.go:71","M":"Logger initialized","log_file":"logs\\app-2026-01-31.log","debug_mode":true}
{"L":"INFO","timestamp":"2026-01-31T17:09:58.558+0700","caller":"aplikasi-pos-team-boolean/main.go:35","M":"Application starting","environment":"","debug":true}
{"L":"INFO","timestamp":"2026-01-31T17:09:58.604+0700","caller":"aplikasi-pos-team-boolean/main.go:46","M":"Database connection successful"}
{"L":"INFO","timestamp":"2026-01-31T17:09:58.604+0700","caller":"aplikasi-pos-team-boolean/main.go:57","M":"Running database migration","seed":false}
{"L":"FATAL","timestamp":"2026-01-31T17:09:58.860+0700","caller":"aplikasi-pos-team-boolean/main.go:59","M":"Failed to run migration","error":"failed to auto migrate: ERROR: column \"category_name\" of relation \"categories\" contains null values (SQLSTATE 23502)","S":"main.main\n\tD:/Informatika/Semester 5 (PMM)/Bootcamp Golang/4. Golang Advance/Mini Project/aplikasi-pos-team-boolean/main.go:59\nruntime.main\n\tD:/Software_Programmer/Go/src/runtime/proc.go:285"}
{"L":"INFO","timestamp":"2026-01-31T17:13:35.237+0700","caller":"utils/logger.go:71","M":"Logger initialized","log_file":"logs\\app-2026-01-31.log","debug_mode":true}
{"L":"INFO","timestamp":"2026-01-31T17:13:35.237+0700","caller":"aplikasi-pos-team-boolean/main.go:35","M":"Application starting","environment":"","debug":true}
{"L":"INFO","timestamp":"2026-01-31T17:13:35.280+0700","caller":"aplikasi-pos-team-boolean/main.go:46","M":"Database connection successful"}
{"L":"INFO","timestamp":"2026-01-31T17:13:35.280+0700","caller":"aplikasi-pos-team-boolean/main.go:57","M":"Running database migration","seed":false}
{"L":"INFO","timestamp":"2026-01-31T17:13:36.235+0700","caller":"wire/wire.go:175","M":"Routes registered successfully"}
{"L":"INFO","timestamp":"2026-01-31T17:13:36.235+0700","caller":"aplikasi-pos-team-boolean/main.go:72","M":"Server starting","port":"8080"}
{"L":"INFO","timestamp":"2026-01-31T17:16:26.170+0700","caller":"middleware/logging.go:28","M":"incoming request","method":"GET","path":"/api/v1/categories","query":"page=1&limit=10&sort_by=full_name&sort_order=asc","remote_addr":"::1","user_agent":"PostmanRuntime/7.37.3","referer":"","body_size":0,"content_type":""}
{"L":"DEBUG","timestamp":"2026-01-31T17:16:26.170+0700","caller":"adaptor/category_adaptor.go:28","M":"GetList category handler called","client_ip":"::1","query_string":"page=1&limit=10&sort_by=full_name&sort_order=asc"}
{"L":"DEBUG","timestamp":"2026-01-31T17:16:26.170+0700","caller":"usecase/category.go:37","M":"Fetching category list","page":1,"limit":10}
{"L":"INFO","timestamp":"2026-01-31T17:16:26.170+0700","caller":"repository/category.go:33","M":"Finding all categories","page":1,"limit":10}
{"L":"INFO","timestamp":"2026-01-31T17:16:26.174+0700","caller":"repository/category.go:88","M":"Successfully found all categories","total_items":6,"returned_items":6}
{"L":"INFO","timestamp":"2026-01-31T17:16:26.175+0700","caller":"usecase/category.go:62","M":"Category list fetched successfully","total_items":6,"returned_items":6,"page":1}
{"L":"INFO","timestamp":"2026-01-31T17:16:26.180+0700","caller":"adaptor/category_adaptor.go:65","M":"GetList category completed successfully","total_items":6,"returned_items":6,"page":1}
{"L":"INFO","timestamp":"2026-01-31T17:16:26.180+0700","caller":"middleware/logging.go:72","M":"request completed","method":"GET","path":"/api/v1/categories","query":"page=1&limit=10&sort_by=full_name&sort_order=asc","status":200,"duration":"10.7084ms","response_size":573}
{"L":"INFO","timestamp":"2026-01-31T17:17:02.277+0700","caller":"middleware/logging.go:28","M":"incoming request","method":"GET","path":"/api/v1/categories","query":"page=1&limit=10","remote_addr":"::1","user_agent":"PostmanRuntime/7.37.3","referer":"","body_size":0,"content_type":""}
{"L":"DEBUG","timestamp":"2026-01-31T17:17:02.277+0700","caller":"adaptor/category_adaptor.go:28","M":"GetList category handler called","client_ip":"::1","query_string":"page=1&limit=10"}
{"L":"DEBUG","timestamp":"2026-01-31T17:17:02.277+0700","caller":"usecase/category.go:37","M":"Fetching category list","page":1,"limit":10}
{"L":"INFO","timestamp":"2026-01-31T17:17:02.277+0700","caller":"repository/category.go:33","M":"Finding all categories","page":1,"limit":10}
{"L":"INFO","timestamp":"2026-01-31T17:17:02.278+0700","caller":"repository/category.go:88","M":"Successfully found all categories","total_items":6,"returned_items":6}
{"L":"INFO","timestamp":"2026-01-31T17:17:02.278+0700","caller":"usecase/category.go:62","M":"Category list fetched successfully","total_items":6,"returned_items":6,"page":1}
{"L":"INFO","timestamp":"2026-01-31T17:17:02.280+0700","caller":"adaptor/category_adaptor.go:65","M":"GetList category completed successfully","total_items":6,"returned_items":6,"page":1}
{"L":"INFO","timestamp":"2026-01-31T17:17:02.280+0700","caller":"middleware/logging.go:72","M":"request completed","method":"GET","path":"/api/v1/categories","query":"page=1&limit=10","status":200,"duration":"3.7071ms","response_size":573}
{"L":"INFO","timestamp":"2026-01-31T17:17:27.448+0700","caller":"middleware/logging.go:28","M":"incoming request","method":"GET","path":"/api/v1/categories/1","query":"","remote_addr":"::1","user_agent":"PostmanRuntime/7.37.3","referer":"","body_size":0,"content_type":""}
{"L":"DEBUG","timestamp":"2026-01-31T17:17:27.448+0700","caller":"adaptor/category_adaptor.go:81","M":"GetByID category handler called","client_ip":"::1"}
{"L":"DEBUG","timestamp":"2026-01-31T17:17:27.448+0700","caller":"usecase/category.go:95","M":"Fetching category by ID","id":1}
{"L":"INFO","timestamp":"2026-01-31T17:17:27.449+0700","caller":"repository/category.go:131","M":"Getting category detail","id":1}
{"L":"INFO","timestamp":"2026-01-31T17:17:27.449+0700","caller":"repository/category.go:142","M":"Successfully retrieved category detail","id":1,"category_name":"Pizza"}
{"L":"INFO","timestamp":"2026-01-31T17:17:27.450+0700","caller":"usecase/category.go:105","M":"Category fetched successfully","id":1,"category_name":"Pizza"}
{"L":"INFO","timestamp":"2026-01-31T17:17:27.450+0700","caller":"adaptor/category_adaptor.go:125","M":"GetByID category completed successfully","id":1,"name":"Pizza"}
{"L":"INFO","timestamp":"2026-01-31T17:17:27.451+0700","caller":"middleware/logging.go:72","M":"request completed","method":"GET","path":"/api/v1/categories/1","query":"","status":200,"duration":"2.2056ms","response_size":269}
{"L":"INFO","timestamp":"2026-01-31T17:18:22.312+0700","caller":"middleware/logging.go:28","M":"incoming request","method":"GET","path":"/api/v1/categories/1","query":"","remote_addr":"::1","user_agent":"PostmanRuntime/7.37.3","referer":"","body_size":0,"content_type":""}
{"L":"DEBUG","timestamp":"2026-01-31T17:18:22.312+0700","caller":"adaptor/category_adaptor.go:81","M":"GetByID category handler called","client_ip":"::1"}
{"L":"DEBUG","timestamp":"2026-01-31T17:18:22.313+0700","caller":"usecase/category.go:95","M":"Fetching category by ID","id":1}
{"L":"INFO","timestamp":"2026-01-31T17:18:22.313+0700","caller":"repository/category.go:131","M":"Getting category detail","id":1}
{"L":"INFO","timestamp":"2026-01-31T17:18:22.313+0700","caller":"repository/category.go:142","M":"Successfully retrieved category detail","id":1,"category_name":"Pizza"}
{"L":"INFO","timestamp":"2026-01-31T17:18:22.314+0700","caller":"usecase/category.go:105","M":"Category fetched successfully","id":1,"category_name":"Pizza"}
{"L":"INFO","timestamp":"2026-01-31T17:18:22.314+0700","caller":"adaptor/category_adaptor.go:125","M":"GetByID category completed successfully","id":1,"name":"Pizza"}
{"L":"INFO","timestamp":"2026-01-31T17:18:22.314+0700","caller":"middleware/logging.go:72","M":"request completed","method":"GET","path":"/api/v1/categories/1","query":"","status":200,"duration":"2.1159ms","response_size":269}
{"L":"INFO","timestamp":"2026-01-31T17:18:26.833+0700","caller":"middleware/logging.go:28","M":"incoming request","method":"GET","path":"/api/v1/categories/3","query":"","remote_addr":"::1","user_agent":"PostmanRuntime/7.37.3","referer":"","body_size":0,"content_type":""}
{"L":"DEBUG","timestamp":"2026-01-31T17:18:26.833+0700","caller":"adaptor/category_adaptor.go:81","M":"GetByID category handler called","client_ip":"::1"}
{"L":"DEBUG","timestamp":"2026-01-31T17:18:26.833+0700","caller":"usecase/category.go:95","M":"Fetching category by ID","id":3}
{"L":"INFO","timestamp":"2026-01-31T17:18:26.833+0700","caller":"repository/category.go:131","M":"Getting category detail","id":3}
{"L":"INFO","timestamp":"2026-01-31T17:18:26.834+0700","caller":"repository/category.go:142","M":"Successfully retrieved category detail","id":3,"category_name":"Chicken"}
{"L":"INFO","timestamp":"2026-01-31T17:18:26.834+0700","caller":"usecase/category.go:105","M":"Category fetched successfully","id":3,"category_name":"Chicken"}
{"L":"INFO","timestamp":"2026-01-31T17:18:26.835+0700","caller":"adaptor/category_adaptor.go:125","M":"GetByID category completed successfully","id":3,"name":"Chicken"}
{"L":"INFO","timestamp":"2026-01-31T17:18:26.835+0700","caller":"middleware/logging.go:72","M":"request completed","method":"GET","path":"/api/v1/categories/3","query":"","status":200,"duration":"1.6585ms","response_size":256}
{"L":"INFO","timestamp":"2026-01-31T17:18:37.784+0700","caller":"middleware/logging.go:28","M":"incoming request","method":"GET","path":"/api/v1/categories","query":"page=1&limit=10","remote_addr":"::1","user_agent":"PostmanRuntime/7.37.3","referer":"","body_size":0,"content_type":""}
{"L":"DEBUG","timestamp":"2026-01-31T17:18:37.784+0700","caller":"adaptor/category_adaptor.go:28","M":"GetList category handler called","client_ip":"::1","query_string":"page=1&limit=10"}
{"L":"DEBUG","timestamp":"2026-01-31T17:18:37.784+0700","caller":"usecase/category.go:37","M":"Fetching category list","page":1,"limit":10}
{"L":"INFO","timestamp":"2026-01-31T17:18:37.784+0700","caller":"repository/category.go:33","M":"Finding all categories","page":1,"limit":10}
{"L":"INFO","timestamp":"2026-01-31T17:18:37.786+0700","caller":"repository/category.go:88","M":"Successfully found all categories","total_items":6,"returned_items":6}
{"L":"INFO","timestamp":"2026-01-31T17:18:37.786+0700","caller":"usecase/category.go:62","M":"Category list fetched successfully","total_items":6,"returned_items":6,"page":1}
{"L":"INFO","timestamp":"2026-01-31T17:18:37.787+0700","caller":"adaptor/category_adaptor.go:65","M":"GetList category completed successfully","total_items":6,"returned_items":6,"page":1}
{"L":"INFO","timestamp":"2026-01-31T17:18:37.787+0700","caller":"middleware/logging.go:72","M":"request completed","method":"GET","path":"/api/v1/categories","query":"page=1&limit=10","status":200,"duration":"3.0964ms","response_size":573}
{"L":"INFO","timestamp":"2026-01-31T17:20:41.185+0700","caller":"middleware/logging.go:28","M":"incoming request","method":"POST","path":"/api/v1/categories","query":"","remote_addr":"::1","user_agent":"PostmanRuntime/7.37.3","referer":"","body_size":103,"content_type":"application/json"}
{"L":"DEBUG","timestamp":"2026-01-31T17:20:41.185+0700","caller":"adaptor/category_adaptor.go:139","M":"Create category handler called","client_ip":"::1"}
{"L":"INFO","timestamp":"2026-01-31T17:20:41.186+0700","caller":"usecase/category.go:115","M":"Creating new category","category_name":"Pizza"}
{"L":"INFO","timestamp":"2026-01-31T17:20:41.186+0700","caller":"repository/category.go:165","M":"Finding category by name","name":"Pizza"}
{"L":"INFO","timestamp":"2026-01-31T17:20:41.187+0700","caller":"repository/category.go:176","M":"Successfully found category by name","id":1,"name":"Pizza"}
{"L":"WARN","timestamp":"2026-01-31T17:20:41.187+0700","caller":"middleware/logging.go:61","M":"request completed with client error","method":"POST","path":"/api/v1/categories","query":"","status":409,"duration":"2.2874ms","response_size":69,"remote_addr":"::1"}
{"L":"INFO","timestamp":"2026-01-31T17:21:12.589+0700","caller":"middleware/logging.go:28","M":"incoming request","method":"POST","path":"/api/v1/categories","query":"","remote_addr":"::1","user_agent":"PostmanRuntime/7.37.3","referer":"","body_size":103,"content_type":"application/json"}
{"L":"DEBUG","timestamp":"2026-01-31T17:21:12.589+0700","caller":"adaptor/category_adaptor.go:139","M":"Create category handler called","client_ip":"::1"}
{"L":"INFO","timestamp":"2026-01-31T17:21:12.589+0700","caller":"usecase/category.go:115","M":"Creating new category","category_name":"Peach"}
{"L":"INFO","timestamp":"2026-01-31T17:21:12.589+0700","caller":"repository/category.go:165","M":"Finding category by name","name":"Peach"}
{"L":"ERROR","timestamp":"2026-01-31T17:21:12.590+0700","caller":"repository/category.go:170","M":"Failed to find category by name","name":"Peach","error":"record not found","S":"aplikasi-pos-team-boolean/internal/data/repository.(*categoryRepository).FindByName\n\tD:/Informatika/Semester 5 (PMM)/Bootcamp Golang/4. Golang Advance/Mini Project/aplikasi-pos-team-boolean/internal/data/repository/category.go:170\naplikasi-pos-team-boolean/internal/usecase.(*categoryUseCase).CreateCategory\n\tD:/Informatika/Semester 5 (PMM)/Bootcamp Golang/4. Golang Advance/Mini Project/aplikasi-pos-team-boolean/internal/usecase/category.go:125\naplikasi-pos-team-boolean/internal/adaptor.(*CategoryAdaptor).Create\n\tD:/Informatika/Semester 5 (PMM)/Bootcamp Golang/4. Golang Advance/Mini Project/aplikasi-pos-team-boolean/internal/adaptor/category_adaptor.go:172\ngithub.com/gin-gonic/gin.(*Context).Next\n\tD:/Software_Programmer/Go/go/pkg/mod/github.com/gin-gonic/gin@v1.11.0/context.go:192\naplikasi-pos-team-boolean/internal/wire.InitializeApp.LoggingMiddleware.func1\n\tD:/Informatika/Semester 5 (PMM)/Bootcamp Golang/4. Golang Advance/Mini Project/aplikasi-pos-team-boolean/pkg/middleware/logging.go:40\ngithub.com/gin-gonic/gin.(*Context).Next\n\tD:/Software_Programmer/Go/go/pkg/mod/github.com/gin-gonic/gin@v1.11.0/context.go:192\ngithub.com/gin-gonic/gin.CustomRecoveryWithWriter.func1\n\tD:/Software_Programmer/Go/go/pkg/mod/github.com/gin-gonic/gin@v1.11.0/recovery.go:92\ngithub.com/gin-gonic/gin.(*Context).Next\n\tD:/Software_Programmer/Go/go/pkg/mod/github.com/gin-gonic/gin@v1.11.0/context.go:192\ngithub.com/gin-gonic/gin.LoggerWithConfig.func1\n\tD:/Software_Programmer/Go/go/pkg/mod/github.com/gin-gonic/gin@v1.11.0/logger.go:249\ngithub.com/gin-gonic/gin.(*Context).Next\n\tD:/Software_Programmer/Go/go/pkg/mod/github.com/gin-gonic/gin@v1.11.0/context.go:192\ngithub.com/gin-gonic/gin.(*Engine).handleHTTPRequest\n\tD:/Software_Programmer/Go/go/pkg/mod/github.com/gin-gonic/gin@v1.11.0/gin.go:689\ngithub.com/gin-gonic/gin.(*Engine).ServeHTTP\n\tD:/Software_Programmer/Go/go/pkg/mod/github.com/gin-gonic/gin@v1.11.0/gin.go:643\nnet/http.serverHandler.ServeHTTP\n\tD:/Software_Programmer/Go/src/net/http/server.go:3340\nnet/http.(*conn).serve\n\tD:/Software_Programmer/Go/src/net/http/server.go:2109"}
{"L":"INFO","timestamp":"2026-01-31T17:21:12.590+0700","caller":"repository/category.go:96","M":"Creating new category","category_name":"Peach"}
{"L":"INFO","timestamp":"2026-01-31T17:21:12.595+0700","caller":"repository/category.go:107","M":"Successfully created category","id":7,"category_name":"Peach"}
{"L":"INFO","timestamp":"2026-01-31T17:21:12.595+0700","caller":"usecase/category.go:146","M":"Category created successfully","id":7,"category_name":"Peach"}
{"L":"INFO","timestamp":"2026-01-31T17:21:12.595+0700","caller":"adaptor/category_adaptor.go:195","M":"Category created successfully","id":7,"name":"Peach"}
{"L":"INFO","timestamp":"2026-01-31T17:21:12.595+0700","caller":"middleware/logging.go:72","M":"request completed","method":"POST","path":"/api/v1/categories","query":"","status":201,"duration":"6.2439ms","response_size":226}
{"L":"INFO","timestamp":"2026-01-31T17:22:26.174+0700","caller":"middleware/logging.go:28","M":"incoming request","method":"PUT","path":"/api/v1/categories/7","query":"","remote_addr":"::1","user_agent":"PostmanRuntime/7.37.3","referer":"","body_size":103,"content_type":"application/json"}
{"L":"DEBUG","timestamp":"2026-01-31T17:22:26.174+0700","caller":"adaptor/category_adaptor.go:209","M":"Update category handler called","client_ip":"::1"}
{"L":"INFO","timestamp":"2026-01-31T17:22:26.174+0700","caller":"usecase/category.go:156","M":"Updating category","id":7,"category_name":"Peach Update"}
{"L":"INFO","timestamp":"2026-01-31T17:22:26.174+0700","caller":"repository/category.go:131","M":"Getting category detail","id":7}
{"L":"INFO","timestamp":"2026-01-31T17:22:26.175+0700","caller":"repository/category.go:142","M":"Successfully retrieved category detail","id":7,"category_name":"Peach"}
{"L":"INFO","timestamp":"2026-01-31T17:22:26.175+0700","caller":"repository/category.go:165","M":"Finding category by name","name":"Peach Update"}
{"L":"ERROR","timestamp":"2026-01-31T17:22:26.175+0700","caller":"repository/category.go:170","M":"Failed to find category by name","name":"Peach Update","error":"record not found","S":"aplikasi-pos-team-boolean/internal/data/repository.(*categoryRepository).FindByName\n\tD:/Informatika/Semester 5 (PMM)/Bootcamp Golang/4. Golang Advance/Mini Project/aplikasi-pos-team-boolean/internal/data/repository/category.go:170\naplikasi-pos-team-boolean/internal/usecase.(*categoryUseCase).UpdateCategory\n\tD:/Informatika/Semester 5 (PMM)/Bootcamp Golang/4. Golang Advance/Mini Project/aplikasi-pos-team-boolean/internal/usecase/category.go:172\naplikasi-pos-team-boolean/internal/adaptor.(*CategoryAdaptor).Update\n\tD:/Informatika/Semester 5 (PMM)/Bootcamp Golang/4. Golang Advance/Mini Project/aplikasi-pos-team-boolean/internal/adaptor/category_adaptor.go:259\ngithub.com/gin-gonic/gin.(*Context).Next\n\tD:/Software_Programmer/Go/go/pkg/mod/github.com/gin-gonic/gin@v1.11.0/context.go:192\naplikasi-pos-team-boolean/internal/wire.InitializeApp.LoggingMiddleware.func1\n\tD:/Informatika/Semester 5 (PMM)/Bootcamp Golang/4. Golang Advance/Mini Project/aplikasi-pos-team-boolean/pkg/middleware/logging.go:40\ngithub.com/gin-gonic/gin.(*Context).Next\n\tD:/Software_Programmer/Go/go/pkg/mod/github.com/gin-gonic/gin@v1.11.0/context.go:192\ngithub.com/gin-gonic/gin.CustomRecoveryWithWriter.func1\n\tD:/Software_Programmer/Go/go/pkg/mod/github.com/gin-gonic/gin@v1.11.0/recovery.go:92\ngithub.com/gin-gonic/gin.(*Context).Next\n\tD:/Software_Programmer/Go/go/pkg/mod/github.com/gin-gonic/gin@v1.11.0/context.go:192\ngithub.com/gin-gonic/gin.LoggerWithConfig.func1\n\tD:/Software_Programmer/Go/go/pkg/mod/github.com/gin-gonic/gin@v1.11.0/logger.go:249\ngithub.com/gin-gonic/gin.(*Context).Next\n\tD:/Software_Programmer/Go/go/pkg/mod/github.com/gin-gonic/gin@v1.11.0/context.go:192\ngithub.com/gin-gonic/gin.(*Engine).handleHTTPRequest\n\tD:/Software_Programmer/Go/go/pkg/mod/github.com/gin-gonic/gin@v1.11.0/gin.go:689\ngithub.com/gin-gonic/gin.(*Engine).ServeHTTP\n\tD:/Software_Programmer/Go/go/pkg/mod/github.com/gin-gonic/gin@v1.11.0/gin.go:643\nnet/http.serverHandler.ServeHTTP\n\tD:/Software_Programmer/Go/src/net/http/server.go:3340\nnet/http.(*conn).serve\n\tD:/Software_Programmer/Go/src/net/http/server.go:2109"}
{"L":"INFO","timestamp":"2026-01-31T17:22:26.176+0700","caller":"repository/category.go:114","M":"Updating category","id":7,"category_name":"Peach Update"}
{"L":"INFO","timestamp":"2026-01-31T17:22:26.184+0700","caller":"repository/category.go:126","M":"Successfully updated category","id":7}
{"L":"INFO","timestamp":"2026-01-31T17:22:26.184+0700","caller":"usecase/category.go:192","M":"Category updated successfully","id":7,"category_name":"Peach Update"}
{"L":"INFO","timestamp":"2026-01-31T17:22:26.184+0700","caller":"adaptor/category_adaptor.go:290","M":"Category updated successfully","id":7,"name":"Peach Update"}
{"L":"INFO","timestamp":"2026-01-31T17:22:26.184+0700","caller":"middleware/logging.go:72","M":"request completed","method":"PUT","path":"/api/v1/categories/7","query":"","status":200,"duration":"10.2111ms","response_size":226}
{"L":"INFO","timestamp":"2026-01-31T17:22:34.770+0700","caller":"middleware/logging.go:28","M":"incoming request","method":"GET","path":"/api/v1/categories/3","query":"","remote_addr":"::1","user_agent":"PostmanRuntime/7.37.3","referer":"","body_size":0,"content_type":""}
{"L":"DEBUG","timestamp":"2026-01-31T17:22:34.771+0700","caller":"adaptor/category_adaptor.go:81","M":"GetByID category handler called","client_ip":"::1"}
{"L":"DEBUG","timestamp":"2026-01-31T17:22:34.771+0700","caller":"usecase/category.go:95","M":"Fetching category by ID","id":3}
{"L":"INFO","timestamp":"2026-01-31T17:22:34.771+0700","caller":"repository/category.go:131","M":"Getting category detail","id":3}
{"L":"INFO","timestamp":"2026-01-31T17:22:34.772+0700","caller":"repository/category.go:142","M":"Successfully retrieved category detail","id":3,"category_name":"Chicken"}
{"L":"INFO","timestamp":"2026-01-31T17:22:34.772+0700","caller":"usecase/category.go:105","M":"Category fetched successfully","id":3,"category_name":"Chicken"}
{"L":"INFO","timestamp":"2026-01-31T17:22:34.773+0700","caller":"adaptor/category_adaptor.go:125","M":"GetByID category completed successfully","id":3,"name":"Chicken"}
{"L":"INFO","timestamp":"2026-01-31T17:22:34.773+0700","caller":"middleware/logging.go:72","M":"request completed","method":"GET","path":"/api/v1/categories/3","query":"","status":200,"duration":"2.5239ms","response_size":256}
{"L":"INFO","timestamp":"2026-01-31T17:22:39.572+0700","caller":"middleware/logging.go:28","M":"incoming request","method":"GET","path":"/api/v1/categories/7","query":"","remote_addr":"::1","user_agent":"PostmanRuntime/7.37.3","referer":"","body_size":0,"content_type":""}
{"L":"DEBUG","timestamp":"2026-01-31T17:22:39.572+0700","caller":"adaptor/category_adaptor.go:81","M":"GetByID category handler called","client_ip":"::1"}
{"L":"DEBUG","timestamp":"2026-01-31T17:22:39.572+0700","caller":"usecase/category.go:95","M":"Fetching category by ID","id":7}
{"L":"INFO","timestamp":"2026-01-31T17:22:39.572+0700","caller":"repository/category.go:131","M":"Getting category detail","id":7}
{"L":"INFO","timestamp":"2026-01-31T17:22:39.573+0700","caller":"repository/category.go:142","M":"Successfully retrieved category detail","id":7,"category_name":"Peach Update"}
{"L":"INFO","timestamp":"2026-01-31T17:22:39.573+0700","caller":"usecase/category.go:105","M":"Category fetched successfully","id":7,"category_name":"Peach Update"}
{"L":"INFO","timestamp":"2026-01-31T17:22:39.574+0700","caller":"adaptor/category_adaptor.go:125","M":"GetByID category completed successfully","id":7,"name":"Peach Update"}
{"L":"INFO","timestamp":"2026-01-31T17:22:39.574+0700","caller":"middleware/logging.go:72","M":"request completed","method":"GET","path":"/api/v1/categories/7","query":"","status":200,"duration":"1.6417ms","response_size":230}
{"L":"INFO","timestamp":"2026-01-31T17:22:51.143+0700","caller":"middleware/logging.go:28","M":"incoming request","method":"POST","path":"/api/v1/categories","query":"","remote_addr":"::1","user_agent":"PostmanRuntime/7.37.3","referer":"","body_size":103,"content_type":"application/json"}
{"L":"DEBUG","timestamp":"2026-01-31T17:22:51.143+0700","caller":"adaptor/category_adaptor.go:139","M":"Create category handler called","client_ip":"::1"}
{"L":"INFO","timestamp":"2026-01-31T17:22:51.143+0700","caller":"usecase/category.go:115","M":"Creating new category","category_name":"Peach"}
{"L":"INFO","timestamp":"2026-01-31T17:22:51.144+0700","caller":"repository/category.go:165","M":"Finding category by name","name":"Peach"}
{"L":"ERROR","timestamp":"2026-01-31T17:22:51.144+0700","caller":"repository/category.go:170","M":"Failed to find category by name","name":"Peach","error":"record not found","S":"aplikasi-pos-team-boolean/internal/data/repository.(*categoryRepository).FindByName\n\tD:/Informatika/Semester 5 (PMM)/Bootcamp Golang/4. Golang Advance/Mini Project/aplikasi-pos-team-boolean/internal/data/repository/category.go:170\naplikasi-pos-team-boolean/internal/usecase.(*categoryUseCase).CreateCategory\n\tD:/Informatika/Semester 5 (PMM)/Bootcamp Golang/4. Golang Advance/Mini Project/aplikasi-pos-team-boolean/internal/usecase/category.go:125\naplikasi-pos-team-boolean/internal/adaptor.(*CategoryAdaptor).Create\n\tD:/Informatika/Semester 5 (PMM)/Bootcamp Golang/4. Golang Advance/Mini Project/aplikasi-pos-team-boolean/internal/adaptor/category_adaptor.go:172\ngithub.com/gin-gonic/gin.(*Context).Next\n\tD:/Software_Programmer/Go/go/pkg/mod/github.com/gin-gonic/gin@v1.11.0/context.go:192\naplikasi-pos-team-boolean/internal/wire.InitializeApp.LoggingMiddleware.func1\n\tD:/Informatika/Semester 5 (PMM)/Bootcamp Golang/4. Golang Advance/Mini Project/aplikasi-pos-team-boolean/pkg/middleware/logging.go:40\ngithub.com/gin-gonic/gin.(*Context).Next\n\tD:/Software_Programmer/Go/go/pkg/mod/github.com/gin-gonic/gin@v1.11.0/context.go:192\ngithub.com/gin-gonic/gin.CustomRecoveryWithWriter.func1\n\tD:/Software_Programmer/Go/go/pkg/mod/github.com/gin-gonic/gin@v1.11.0/recovery.go:92\ngithub.com/gin-gonic/gin.(*Context).Next\n\tD:/Software_Programmer/Go/go/pkg/mod/github.com/gin-gonic/gin@v1.11.0/context.go:192\ngithub.com/gin-gonic/gin.LoggerWithConfig.func1\n\tD:/Software_Programmer/Go/go/pkg/mod/github.com/gin-gonic/gin@v1.11.0/logger.go:249\ngithub.com/gin-gonic/gin.(*Context).Next\n\tD:/Software_Programmer/Go/go/pkg/mod/github.com/gin-gonic/gin@v1.11.0/context.go:192\ngithub.com/gin-gonic/gin.(*Engine).handleHTTPRequest\n\tD:/Software_Programmer/Go/go/pkg/mod/github.com/gin-gonic/gin@v1.11.0/gin.go:689\ngithub.com/gin-gonic/gin.(*Engine).ServeHTTP\n\tD:/Software_Programmer/Go/go/pkg/mod/github.com/gin-gonic/gin@v1.11.0/gin.go:643\nnet/http.serverHandler.ServeHTTP\n\tD:/Software_Programmer/Go/src/net/http/server.go:3340\nnet/http.(*conn).serve\n\tD:/Software_Programmer/Go/src/net/http/server.go:2109"}
{"L":"INFO","timestamp":"2026-01-31T17:22:51.145+0700","caller":"repository/category.go:96","M":"Creating new category","category_name":"Peach"}
{"L":"INFO","timestamp":"2026-01-31T17:22:51.148+0700","caller":"repository/category.go:107","M":"Successfully created category","id":8,"category_name":"Peach"}
{"L":"INFO","timestamp":"2026-01-31T17:22:51.148+0700","caller":"usecase/category.go:146","M":"Category created successfully","id":8,"category_name":"Peach"}
{"L":"INFO","timestamp":"2026-01-31T17:22:51.148+0700","caller":"adaptor/category_adaptor.go:195","M":"Category created successfully","id":8,"name":"Peach"}
{"L":"INFO","timestamp":"2026-01-31T17:22:51.148+0700","caller":"middleware/logging.go:72","M":"request completed","method":"POST","path":"/api/v1/categories","query":"","status":201,"duration":"4.65ms","response_size":226}
{"L":"INFO","timestamp":"2026-01-31T17:23:04.266+0700","caller":"middleware/logging.go:28","M":"incoming request","method":"DELETE","path":"/api/v1/categories/8","query":"","remote_addr":"::1","user_agent":"PostmanRuntime/7.37.3","referer":"","body_size":0,"content_type":""}
{"L":"DEBUG","timestamp":"2026-01-31T17:23:04.266+0700","caller":"adaptor/category_adaptor.go:304","M":"Delete category handler called","client_ip":"::1"}
{"L":"INFO","timestamp":"2026-01-31T17:23:04.266+0700","caller":"usecase/category.go:203","M":"Deleting category","id":8}
{"L":"INFO","timestamp":"2026-01-31T17:23:04.266+0700","caller":"repository/category.go:131","M":"Getting category detail","id":8}
{"L":"INFO","timestamp":"2026-01-31T17:23:04.268+0700","caller":"repository/category.go:142","M":"Successfully retrieved category detail","id":8,"category_name":"Peach"}
{"L":"INFO","timestamp":"2026-01-31T17:23:04.268+0700","caller":"repository/category.go:149","M":"Deleting category","id":8}
{"L":"INFO","timestamp":"2026-01-31T17:23:04.270+0700","caller":"repository/category.go:160","M":"Successfully deleted category","id":8}
{"L":"INFO","timestamp":"2026-01-31T17:23:04.270+0700","caller":"usecase/category.go:229","M":"Category deleted successfully","id":8}
{"L":"INFO","timestamp":"2026-01-31T17:23:04.270+0700","caller":"adaptor/category_adaptor.go:356","M":"Category deleted successfully","id":8}
{"L":"INFO","timestamp":"2026-01-31T17:23:04.271+0700","caller":"middleware/logging.go:72","M":"request completed","method":"DELETE","path":"/api/v1/categories/8","query":"","status":200,"duration":"4.4698ms","response_size":63}
{"L":"INFO","timestamp":"2026-01-31T17:23:15.861+0700","caller":"middleware/logging.go:28","M":"incoming request","method":"GET","path":"/api/v1/categories/8","query":"","remote_addr":"::1","user_agent":"PostmanRuntime/7.37.3","referer":"","body_size":0,"content_type":""}
{"L":"DEBUG","timestamp":"2026-01-31T17:23:15.861+0700","caller":"adaptor/category_adaptor.go:81","M":"GetByID category handler called","client_ip":"::1"}
{"L":"DEBUG","timestamp":"2026-01-31T17:23:15.861+0700","caller":"usecase/category.go:95","M":"Fetching category by ID","id":8}
{"L":"INFO","timestamp":"2026-01-31T17:23:15.861+0700","caller":"repository/category.go:131","M":"Getting category detail","id":8}
{"L":"ERROR","timestamp":"2026-01-31T17:23:15.862+0700","caller":"repository/category.go:136","M":"Failed to get category detail","id":8,"error":"record not found","S":"aplikasi-pos-team-boolean/internal/data/repository.(*categoryRepository).Detail\n\tD:/Informatika/Semester 5 (PMM)/Bootcamp Golang/4. Golang Advance/Mini Project/aplikasi-pos-team-boolean/internal/data/repository/category.go:136\naplikasi-pos-team-boolean/internal/usecase.(*categoryUseCase).GetCategoryByID\n\tD:/Informatika/Semester 5 (PMM)/Bootcamp Golang/4. Golang Advance/Mini Project/aplikasi-pos-team-boolean/internal/usecase/category.go:97\naplikasi-pos-team-boolean/internal/adaptor.(*CategoryAdaptor).GetByID\n\tD:/Informatika/Semester 5 (PMM)/Bootcamp Golang/4. Golang Advance/Mini Project/aplikasi-pos-team-boolean/internal/adaptor/category_adaptor.go:102\ngithub.com/gin-gonic/gin.(*Context).Next\n\tD:/Software_Programmer/Go/go/pkg/mod/github.com/gin-gonic/gin@v1.11.0/context.go:192\naplikasi-pos-team-boolean/internal/wire.InitializeApp.LoggingMiddleware.func1\n\tD:/Informatika/Semester 5 (PMM)/Bootcamp Golang/4. Golang Advance/Mini Project/aplikasi-pos-team-boolean/pkg/middleware/logging.go:40\ngithub.com/gin-gonic/gin.(*Context).Next\n\tD:/Software_Programmer/Go/go/pkg/mod/github.com/gin-gonic/gin@v1.11.0/context.go:192\ngithub.com/gin-gonic/gin.CustomRecoveryWithWriter.func1\n\tD:/Software_Programmer/Go/go/pkg/mod/github.com/gin-gonic/gin@v1.11.0/recovery.go:92\ngithub.com/gin-gonic/gin.(*Context).Next\n\tD:/Software_Programmer/Go/go/pkg/mod/github.com/gin-gonic/gin@v1.11.0/context.go:192\ngithub.com/gin-gonic/gin.LoggerWithConfig.func1\n\tD:/Software_Programmer/Go/go/pkg/mod/github.com/gin-gonic/gin@v1.11.0/logger.go:249\ngithub.com/gin-gonic/gin.(*Context).Next\n\tD:/Software_Programmer/Go/go/pkg/mod/github.com/gin-gonic/gin@v1.11.0/context.go:192\ngithub.com/gin-gonic/gin.(*Engine).handleHTTPRequest\n\tD:/Software_Programmer/Go/go/pkg/mod/github.com/gin-gonic/gin@v1.11.0/gin.go:689\ngithub.com/gin-gonic/gin.(*Engine).ServeHTTP\n\tD:/Software_Programmer/Go/go/pkg/mod/github.com/gin-gonic/gin@v1.11.0/gin.go:643\nnet/http.serverHandler.ServeHTTP\n\tD:/Software_Programmer/Go/src/net/http/server.go:3340\nnet/http.(*conn).serve\n\tD:/Software_Programmer/Go/src/net/http/server.go:2109"}
{"L":"WARN","timestamp":"2026-01-31T17:23:15.863+0700","caller":"middleware/logging.go:61","M":"request completed with client error","method":"GET","path":"/api/v1/categories/8","query":"","status":404,"duration":"1.8204ms","response_size":59,"remote_addr":"::1"}
{"L":"INFO","timestamp":"2026-01-31T17:23:23.478+0700","caller":"middleware/logging.go:28","M":"incoming request","method":"GET","path":"/api/v1/categories","query":"page=1&limit=10","remote_addr":"::1","user_agent":"PostmanRuntime/7.37.3","referer":"","body_size":0,"content_type":""}
{"L":"DEBUG","timestamp":"2026-01-31T17:23:23.478+0700","caller":"adaptor/category_adaptor.go:28","M":"GetList category handler called","client_ip":"::1","query_string":"page=1&limit=10"}
{"L":"DEBUG","timestamp":"2026-01-31T17:23:23.478+0700","caller":"usecase/category.go:37","M":"Fetching category list","page":1,"limit":10}
{"L":"INFO","timestamp":"2026-01-31T17:23:23.478+0700","caller":"repository/category.go:33","M":"Finding all categories","page":1,"limit":10}
{"L":"INFO","timestamp":"2026-01-31T17:23:23.479+0700","caller":"repository/category.go:88","M":"Successfully found all categories","total_items":7,"returned_items":7}
{"L":"INFO","timestamp":"2026-01-31T17:23:23.479+0700","caller":"usecase/category.go:62","M":"Category list fetched successfully","total_items":7,"returned_items":7,"page":1}
{"L":"INFO","timestamp":"2026-01-31T17:23:23.482+0700","caller":"adaptor/category_adaptor.go:65","M":"GetList category completed successfully","total_items":7,"returned_items":7,"page":1}
{"L":"INFO","timestamp":"2026-01-31T17:23:23.482+0700","caller":"middleware/logging.go:72","M":"request completed","method":"GET","path":"/api/v1/categories","query":"page=1&limit=10","status":200,"duration":"3.7707ms","response_size":654}
{"L":"INFO","timestamp":"2026-01-31T17:26:06.259+0700","caller":"middleware/logging.go:28","M":"incoming request","method":"GET","path":"/api/v1/products","query":"page=1&limit=10","remote_addr":"::1","user_agent":"PostmanRuntime/7.37.3","referer":"","body_size":0,"content_type":""}
{"L":"DEBUG","timestamp":"2026-01-31T17:26:06.259+0700","caller":"adaptor/product_adaptor.go:28","M":"GetList product handler called","client_ip":"::1","query_string":"page=1&limit=10"}
{"L":"DEBUG","timestamp":"2026-01-31T17:26:06.259+0700","caller":"usecase/product.go:42","M":"Fetching product list","page":1,"limit":10,"category_id":0}
{"L":"INFO","timestamp":"2026-01-31T17:26:06.259+0700","caller":"repository/product.go:32","M":"Finding all products","page":1,"limit":10,"category_id":0}
{"L":"INFO","timestamp":"2026-01-31T17:26:06.414+0700","caller":"repository/product.go:111","M":"Successfully found all products","total_items":7,"returned_items":7}
{"L":"INFO","timestamp":"2026-01-31T17:26:06.414+0700","caller":"usecase/product.go:68","M":"Product list fetched successfully","total_items":7,"returned_items":7,"page":1}
{"L":"INFO","timestamp":"2026-01-31T17:26:06.414+0700","caller":"adaptor/product_adaptor.go:80","M":"GetList product completed successfully","total_items":7,"returned_items":7,"page":1}
{"L":"INFO","timestamp":"2026-01-31T17:26:06.414+0700","caller":"middleware/logging.go:72","M":"request completed","method":"GET","path":"/api/v1/products","query":"page=1&limit=10","status":200,"duration":"155.5715ms","response_size":1370}
{"L":"INFO","timestamp":"2026-01-31T17:26:14.336+0700","caller":"middleware/logging.go:28","M":"incoming request","method":"POST","path":"/api/v1/products","query":"","remote_addr":"::1","user_agent":"PostmanRuntime/7.37.3","referer":"","body_size":103,"content_type":"application/json"}
{"L":"DEBUG","timestamp":"2026-01-31T17:26:14.336+0700","caller":"adaptor/product_adaptor.go:154","M":"Create product handler called","client_ip":"::1"}
{"L":"WARN","timestamp":"2026-01-31T17:26:14.336+0700","caller":"adaptor/product_adaptor.go:161","M":"Invalid request body for create product","error":"Key: 'ProductCreateRequest.ProductName' Error:Field validation for 'ProductName' failed on the 'required' tag\nKey: 'ProductCreateRequest.CategoryID' Error:Field validation for 'CategoryID' failed on the 'required' tag\nKey: 'ProductCreateRequest.Price' Error:Field validation for 'Price' failed on the 'required' tag","client_ip":"::1"}
{"L":"WARN","timestamp":"2026-01-31T17:26:14.336+0700","caller":"middleware/logging.go:61","M":"request completed with client error","method":"POST","path":"/api/v1/products","query":"","status":400,"duration":"715.5µs","response_size":380,"remote_addr":"::1"}
{"L":"INFO","timestamp":"2026-01-31T17:26:34.130+0700","caller":"middleware/logging.go:28","M":"incoming request","method":"GET","path":"/api/v1/products/1","query":"","remote_addr":"::1","user_agent":"PostmanRuntime/7.37.3","referer":"","body_size":0,"content_type":""}
{"L":"DEBUG","timestamp":"2026-01-31T17:26:34.130+0700","caller":"adaptor/product_adaptor.go:96","M":"GetByID product handler called","client_ip":"::1"}
{"L":"DEBUG","timestamp":"2026-01-31T17:26:34.130+0700","caller":"usecase/product.go:94","M":"Fetching product by ID","id":1}
{"L":"INFO","timestamp":"2026-01-31T17:26:34.130+0700","caller":"repository/product.go:155","M":"Getting product detail","id":1}
{"L":"INFO","timestamp":"2026-01-31T17:26:34.132+0700","caller":"repository/product.go:166","M":"Successfully retrieved product detail","id":1,"product_name":"Margherita Pizza"}
{"L":"INFO","timestamp":"2026-01-31T17:26:34.132+0700","caller":"usecase/product.go:104","M":"Product fetched successfully","id":1,"product_name":"Margherita Pizza"}
{"L":"INFO","timestamp":"2026-01-31T17:26:34.132+0700","caller":"adaptor/product_adaptor.go:140","M":"GetByID product completed successfully","id":1,"name":"Margherita Pizza"}
{"L":"INFO","timestamp":"2026-01-31T17:26:34.132+0700","caller":"middleware/logging.go:72","M":"request completed","method":"GET","path":"/api/v1/products/1","query":"","status":200,"duration":"2.7288ms","response_size":326}
{"L":"INFO","timestamp":"2026-01-31T17:28:20.858+0700","caller":"middleware/logging.go:28","M":"incoming request","method":"GET","path":"/api/v1/products","query":"page=1&limit=10&search=Pizza","remote_addr":"::1","user_agent":"PostmanRuntime/7.37.3","referer":"","body_size":0,"content_type":""}
{"L":"DEBUG","timestamp":"2026-01-31T17:28:20.858+0700","caller":"adaptor/product_adaptor.go:28","M":"GetList product handler called","client_ip":"::1","query_string":"page=1&limit=10&search=Pizza"}
{"L":"DEBUG","timestamp":"2026-01-31T17:28:20.858+0700","caller":"usecase/product.go:42","M":"Fetching product list","page":1,"limit":10,"category_id":0}
{"L":"INFO","timestamp":"2026-01-31T17:28:20.858+0700","caller":"repository/product.go:32","M":"Finding all products","page":1,"limit":10,"category_id":0}
{"L":"INFO","timestamp":"2026-01-31T17:28:20.863+0700","caller":"repository/product.go:111","M":"Successfully found all products","total_items":2,"returned_items":2}
{"L":"INFO","timestamp":"2026-01-31T17:28:20.863+0700","caller":"usecase/product.go:68","M":"Product list fetched successfully","total_items":2,"returned_items":2,"page":1}
{"L":"INFO","timestamp":"2026-01-31T17:28:20.863+0700","caller":"adaptor/product_adaptor.go:80","M":"GetList product completed successfully","total_items":2,"returned_items":2,"page":1}
{"L":"INFO","timestamp":"2026-01-31T17:28:20.863+0700","caller":"middleware/logging.go:72","M":"request completed","method":"GET","path":"/api/v1/products","query":"page=1&limit=10&search=Pizza","status":200,"duration":"5.5139ms","response_size":477}
{"L":"INFO","timestamp":"2026-01-31T17:29:00.948+0700","caller":"middleware/logging.go:28","M":"incoming request","method":"GET","path":"/api/v1/products","query":"page=1&limit=10&search=Pizza&category_id=4","remote_addr":"::1","user_agent":"PostmanRuntime/7.37.3","referer":"","body_size":0,"content_type":""}
{"L":"DEBUG","timestamp":"2026-01-31T17:29:00.948+0700","caller":"adaptor/product_adaptor.go:28","M":"GetList product handler called","client_ip":"::1","query_string":"page=1&limit=10&search=Pizza&category_id=4"}
{"L":"DEBUG","timestamp":"2026-01-31T17:29:00.948+0700","caller":"usecase/product.go:42","M":"Fetching product list","page":1,"limit":10,"category_id":4}
{"L":"INFO","timestamp":"2026-01-31T17:29:00.948+0700","caller":"repository/product.go:32","M":"Finding all products","page":1,"limit":10,"category_id":4}
{"L":"INFO","timestamp":"2026-01-31T17:29:00.950+0700","caller":"repository/product.go:111","M":"Successfully found all products","total_items":0,"returned_items":0}
{"L":"INFO","timestamp":"2026-01-31T17:29:00.950+0700","caller":"usecase/product.go:68","M":"Product list fetched successfully","total_items":0,"returned_items":0,"page":1}
{"L":"INFO","timestamp":"2026-01-31T17:29:00.950+0700","caller":"adaptor/product_adaptor.go:80","M":"GetList product completed successfully","total_items":0,"returned_items":0,"page":1}
{"L":"INFO","timestamp":"2026-01-31T17:29:00.951+0700","caller":"middleware/logging.go:72","M":"request completed","method":"GET","path":"/api/v1/products","query":"page=1&limit=10&search=Pizza&category_id=4","status":200,"duration":"2.685ms","response_size":123}
{"L":"INFO","timestamp":"2026-01-31T17:29:05.949+0700","caller":"middleware/logging.go:28","M":"incoming request","method":"GET","path":"/api/v1/products","query":"page=1&limit=10&category_id=4","remote_addr":"::1","user_agent":"PostmanRuntime/7.37.3","referer":"","body_size":0,"content_type":""}
{"L":"DEBUG","timestamp":"2026-01-31T17:29:05.949+0700","caller":"adaptor/product_adaptor.go:28","M":"GetList product handler called","client_ip":"::1","query_string":"page=1&limit=10&category_id=4"}
{"L":"DEBUG","timestamp":"2026-01-31T17:29:05.949+0700","caller":"usecase/product.go:42","M":"Fetching product list","page":1,"limit":10,"category_id":4}
{"L":"INFO","timestamp":"2026-01-31T17:29:05.949+0700","caller":"repository/product.go:32","M":"Finding all products","page":1,"limit":10,"category_id":4}
{"L":"INFO","timestamp":"2026-01-31T17:29:05.951+0700","caller":"repository/product.go:111","M":"Successfully found all products","total_items":1,"returned_items":1}
{"L":"INFO","timestamp":"2026-01-31T17:29:05.951+0700","caller":"usecase/product.go:68","M":"Product list fetched successfully","total_items":1,"returned_items":1,"page":1}
{"L":"INFO","timestamp":"2026-01-31T17:29:05.951+0700","caller":"adaptor/product_adaptor.go:80","M":"GetList product completed successfully","total_items":1,"returned_items":1,"page":1}
{"L":"INFO","timestamp":"2026-01-31T17:29:05.951+0700","caller":"middleware/logging.go:72","M":"request completed","method":"GET","path":"/api/v1/products","query":"page=1&limit=10&category_id=4","status":200,"duration":"2.2798ms","response_size":293}
{"L":"INFO","timestamp":"2026-01-31T17:29:16.765+0700","caller":"middleware/logging.go:28","M":"incoming request","method":"GET","path":"/api/v1/products","query":"page=1&limit=10&category_id=1","remote_addr":"::1","user_agent":"PostmanRuntime/7.37.3","referer":"","body_size":0,"content_type":""}
{"L":"DEBUG","timestamp":"2026-01-31T17:29:16.765+0700","caller":"adaptor/product_adaptor.go:28","M":"GetList product handler called","client_ip":"::1","query_string":"page=1&limit=10&category_id=1"}
{"L":"DEBUG","timestamp":"2026-01-31T17:29:16.765+0700","caller":"usecase/product.go:42","M":"Fetching product list","page":1,"limit":10,"category_id":1}
{"L":"INFO","timestamp":"2026-01-31T17:29:16.765+0700","caller":"repository/product.go:32","M":"Finding all products","page":1,"limit":10,"category_id":1}
{"L":"INFO","timestamp":"2026-01-31T17:29:16.767+0700","caller":"repository/product.go:111","M":"Successfully found all products","total_items":2,"returned_items":2}
{"L":"INFO","timestamp":"2026-01-31T17:29:16.767+0700","caller":"usecase/product.go:68","M":"Product list fetched successfully","total_items":2,"returned_items":2,"page":1}
{"L":"INFO","timestamp":"2026-01-31T17:29:16.767+0700","caller":"adaptor/product_adaptor.go:80","M":"GetList product completed successfully","total_items":2,"returned_items":2,"page":1}
{"L":"INFO","timestamp":"2026-01-31T17:29:16.768+0700","caller":"middleware/logging.go:72","M":"request completed","method":"GET","path":"/api/v1/products","query":"page=1&limit=10&category_id=1","status":200,"duration":"2.1692ms","response_size":477}
{"L":"INFO","timestamp":"2026-01-31T17:30:33.044+0700","caller":"middleware/logging.go:28","M":"incoming request","method":"GET","path":"/api/v1/products/1","query":"","remote_addr":"::1","user_agent":"PostmanRuntime/7.37.3","referer":"","body_size":0,"content_type":""}
{"L":"DEBUG","timestamp":"2026-01-31T17:30:33.044+0700","caller":"adaptor/product_adaptor.go:96","M":"GetByID product handler called","client_ip":"::1"}
{"L":"DEBUG","timestamp":"2026-01-31T17:30:33.044+0700","caller":"usecase/product.go:94","M":"Fetching product by ID","id":1}
{"L":"INFO","timestamp":"2026-01-31T17:30:33.044+0700","caller":"repository/product.go:155","M":"Getting product detail","id":1}
{"L":"INFO","timestamp":"2026-01-31T17:30:33.046+0700","caller":"repository/product.go:166","M":"Successfully retrieved product detail","id":1,"product_name":"Margherita Pizza"}
{"L":"INFO","timestamp":"2026-01-31T17:30:33.046+0700","caller":"usecase/product.go:104","M":"Product fetched successfully","id":1,"product_name":"Margherita Pizza"}
{"L":"INFO","timestamp":"2026-01-31T17:30:33.046+0700","caller":"adaptor/product_adaptor.go:140","M":"GetByID product completed successfully","id":1,"name":"Margherita Pizza"}
{"L":"INFO","timestamp":"2026-01-31T17:30:33.046+0700","caller":"middleware/logging.go:72","M":"request completed","method":"GET","path":"/api/v1/products/1","query":"","status":200,"duration":"2.3812ms","response_size":326}
{"L":"INFO","timestamp":"2026-01-31T17:31:09.427+0700","caller":"middleware/logging.go:28","M":"incoming request","method":"POST","path":"/api/v1/products","query":"","remote_addr":"::1","user_agent":"PostmanRuntime/7.37.3","referer":"","body_size":141,"content_type":"application/json"}
{"L":"DEBUG","timestamp":"2026-01-31T17:31:09.427+0700","caller":"adaptor/product_adaptor.go:154","M":"Create product handler called","client_ip":"::1"}
{"L":"INFO","timestamp":"2026-01-31T17:31:09.428+0700","caller":"usecase/product.go:111","M":"Creating new product","product_name":"New Chicken Wings","category_id":3}
{"L":"INFO","timestamp":"2026-01-31T17:31:09.428+0700","caller":"repository/category.go:131","M":"Getting category detail","id":3}
{"L":"INFO","timestamp":"2026-01-31T17:31:09.429+0700","caller":"repository/category.go:142","M":"Successfully retrieved category detail","id":3,"category_name":"Chicken"}
{"L":"INFO","timestamp":"2026-01-31T17:31:09.429+0700","caller":"repository/product.go:119","M":"Creating new product","product_name":"New Chicken Wings","item_id":"#42372874"}
{"L":"INFO","timestamp":"2026-01-31T17:31:09.434+0700","caller":"repository/product.go:131","M":"Successfully created product","id":8,"product_name":"New Chicken Wings"}
{"L":"INFO","timestamp":"2026-01-31T17:31:09.434+0700","caller":"usecase/product.go:158","M":"Product created successfully","id":8,"product_name":"New Chicken Wings","item_id":"#42372874"}
{"L":"INFO","timestamp":"2026-01-31T17:31:09.434+0700","caller":"adaptor/product_adaptor.go:210","M":"Product created successfully","id":8,"name":"New Chicken Wings","item_id":"#42372874"}
{"L":"INFO","timestamp":"2026-01-31T17:31:09.434+0700","caller":"middleware/logging.go:72","M":"request completed","method":"POST","path":"/api/v1/products","query":"","status":201,"duration":"6.7708ms","response_size":346}
{"L":"INFO","timestamp":"2026-01-31T17:31:45.504+0700","caller":"middleware/logging.go:28","M":"incoming request","method":"PUT","path":"/api/v1/categories/8","query":"","remote_addr":"::1","user_agent":"PostmanRuntime/7.37.3","referer":"","body_size":148,"content_type":"application/json"}
{"L":"DEBUG","timestamp":"2026-01-31T17:31:45.504+0700","caller":"adaptor/category_adaptor.go:209","M":"Update category handler called","client_ip":"::1"}
{"L":"WARN","timestamp":"2026-01-31T17:31:45.504+0700","caller":"adaptor/category_adaptor.go:233","M":"Invalid request body for update category","error":"Key: 'CategoryUpdateRequest.CategoryName' Error:Field validation for 'CategoryName' failed on the 'required' tag","client_ip":"::1"}
{"L":"WARN","timestamp":"2026-01-31T17:31:45.504+0700","caller":"middleware/logging.go:61","M":"request completed with client error","method":"PUT","path":"/api/v1/categories/8","query":"","status":400,"duration":"0s","response_size":175,"remote_addr":"::1"}
{"L":"INFO","timestamp":"2026-01-31T17:32:45.570+0700","caller":"middleware/logging.go:28","M":"incoming request","method":"PUT","path":"/api/v1/products/8","query":"","remote_addr":"::1","user_agent":"PostmanRuntime/7.37.3","referer":"","body_size":148,"content_type":"application/json"}
{"L":"DEBUG","timestamp":"2026-01-31T17:32:45.570+0700","caller":"adaptor/product_adaptor.go:225","M":"Update product handler called","client_ip":"::1"}
{"L":"INFO","timestamp":"2026-01-31T17:32:45.570+0700","caller":"usecase/product.go:169","M":"Updating product","id":8,"product_name":"Updated Chicken Wings"}
{"L":"INFO","timestamp":"2026-01-31T17:32:45.570+0700","caller":"repository/product.go:155","M":"Getting product detail","id":8}
{"L":"INFO","timestamp":"2026-01-31T17:32:45.572+0700","caller":"repository/product.go:166","M":"Successfully retrieved product detail","id":8,"product_name":"New Chicken Wings"}
{"L":"INFO","timestamp":"2026-01-31T17:32:45.572+0700","caller":"repository/product.go:138","M":"Updating product","id":8,"product_name":"Updated Chicken Wings"}
{"L":"INFO","timestamp":"2026-01-31T17:32:45.574+0700","caller":"repository/product.go:150","M":"Successfully updated product","id":8}
{"L":"INFO","timestamp":"2026-01-31T17:32:45.574+0700","caller":"repository/product.go:155","M":"Getting product detail","id":8}
{"L":"INFO","timestamp":"2026-01-31T17:32:45.575+0700","caller":"repository/product.go:166","M":"Successfully retrieved product detail","id":8,"product_name":"Updated Chicken Wings"}
{"L":"INFO","timestamp":"2026-01-31T17:32:45.575+0700","caller":"usecase/product.go:214","M":"Product updated successfully","id":8,"product_name":"Updated Chicken Wings"}
{"L":"INFO","timestamp":"2026-01-31T17:32:45.575+0700","caller":"adaptor/product_adaptor.go:306","M":"Product updated successfully","id":8,"name":"Updated Chicken Wings"}
{"L":"INFO","timestamp":"2026-01-31T17:32:45.575+0700","caller":"middleware/logging.go:72","M":"request completed","method":"PUT","path":"/api/v1/products/8","query":"","status":200,"duration":"5.607ms","response_size":353}
{"L":"INFO","timestamp":"2026-01-31T17:32:54.184+0700","caller":"middleware/logging.go:28","M":"incoming request","method":"GET","path":"/api/v1/products/8","query":"","remote_addr":"::1","user_agent":"PostmanRuntime/7.37.3","referer":"","body_size":0,"content_type":""}
{"L":"DEBUG","timestamp":"2026-01-31T17:32:54.184+0700","caller":"adaptor/product_adaptor.go:96","M":"GetByID product handler called","client_ip":"::1"}
{"L":"DEBUG","timestamp":"2026-01-31T17:32:54.184+0700","caller":"usecase/product.go:94","M":"Fetching product by ID","id":8}
{"L":"INFO","timestamp":"2026-01-31T17:32:54.184+0700","caller":"repository/product.go:155","M":"Getting product detail","id":8}
{"L":"INFO","timestamp":"2026-01-31T17:32:54.186+0700","caller":"repository/product.go:166","M":"Successfully retrieved product detail","id":8,"product_name":"Updated Chicken Wings"}
{"L":"INFO","timestamp":"2026-01-31T17:32:54.186+0700","caller":"usecase/product.go:104","M":"Product fetched successfully","id":8,"product_name":"Updated Chicken Wings"}
{"L":"INFO","timestamp":"2026-01-31T17:32:54.186+0700","caller":"adaptor/product_adaptor.go:140","M":"GetByID product completed successfully","id":8,"name":"Updated Chicken Wings"}
{"L":"INFO","timestamp":"2026-01-31T17:32:54.186+0700","caller":"middleware/logging.go:72","M":"request completed","method":"GET","path":"/api/v1/products/8","query":"","status":200,"duration":"1.6453ms","response_size":357}
{"L":"INFO","timestamp":"2026-01-31T17:33:00.421+0700","caller":"middleware/logging.go:28","M":"incoming request","method":"POST","path":"/api/v1/products","query":"","remote_addr":"::1","user_agent":"PostmanRuntime/7.37.3","referer":"","body_size":141,"content_type":"application/json"}
{"L":"DEBUG","timestamp":"2026-01-31T17:33:00.421+0700","caller":"adaptor/product_adaptor.go:154","M":"Create product handler called","client_ip":"::1"}
{"L":"INFO","timestamp":"2026-01-31T17:33:00.421+0700","caller":"usecase/product.go:111","M":"Creating new product","product_name":"New Chicken Wings","category_id":3}
{"L":"INFO","timestamp":"2026-01-31T17:33:00.421+0700","caller":"repository/category.go:131","M":"Getting category detail","id":3}
{"L":"INFO","timestamp":"2026-01-31T17:33:00.422+0700","caller":"repository/category.go:142","M":"Successfully retrieved category detail","id":3,"category_name":"Chicken"}
{"L":"INFO","timestamp":"2026-01-31T17:33:00.422+0700","caller":"repository/product.go:119","M":"Creating new product","product_name":"New Chicken Wings","item_id":"#57217018"}
{"L":"INFO","timestamp":"2026-01-31T17:33:00.424+0700","caller":"repository/product.go:131","M":"Successfully created product","id":9,"product_name":"New Chicken Wings"}
{"L":"INFO","timestamp":"2026-01-31T17:33:00.424+0700","caller":"usecase/product.go:158","M":"Product created successfully","id":9,"product_name":"New Chicken Wings","item_id":"#57217018"}
{"L":"INFO","timestamp":"2026-01-31T17:33:00.424+0700","caller":"adaptor/product_adaptor.go:210","M":"Product created successfully","id":9,"name":"New Chicken Wings","item_id":"#57217018"}
{"L":"INFO","timestamp":"2026-01-31T17:33:00.424+0700","caller":"middleware/logging.go:72","M":"request completed","method":"POST","path":"/api/v1/products","query":"","status":201,"duration":"3.2765ms","response_size":346}
{"L":"INFO","timestamp":"2026-01-31T17:33:07.313+0700","caller":"middleware/logging.go:28","M":"incoming request","method":"DELETE","path":"/api/v1/products/9","query":"","remote_addr":"::1","user_agent":"PostmanRuntime/7.37.3","referer":"","body_size":0,"content_type":""}
{"L":"DEBUG","timestamp":"2026-01-31T17:33:07.313+0700","caller":"adaptor/product_adaptor.go:320","M":"Delete product handler called","client_ip":"::1"}
{"L":"INFO","timestamp":"2026-01-31T17:33:07.313+0700","caller":"usecase/product.go:224","M":"Deleting product","id":9}
{"L":"INFO","timestamp":"2026-01-31T17:33:07.313+0700","caller":"repository/product.go:155","M":"Getting product detail","id":9}
{"L":"INFO","timestamp":"2026-01-31T17:33:07.315+0700","caller":"repository/product.go:166","M":"Successfully retrieved product detail","id":9,"product_name":"New Chicken Wings"}
{"L":"INFO","timestamp":"2026-01-31T17:33:07.315+0700","caller":"repository/product.go:173","M":"Deleting product","id":9}
{"L":"INFO","timestamp":"2026-01-31T17:33:07.317+0700","caller":"repository/product.go:184","M":"Successfully deleted product","id":9}
{"L":"INFO","timestamp":"2026-01-31T17:33:07.317+0700","caller":"usecase/product.go:244","M":"Product deleted successfully","id":9}
{"L":"INFO","timestamp":"2026-01-31T17:33:07.318+0700","caller":"adaptor/product_adaptor.go:364","M":"Product deleted successfully","id":9}
{"L":"INFO","timestamp":"2026-01-31T17:33:07.318+0700","caller":"middleware/logging.go:72","M":"request completed","method":"DELETE","path":"/api/v1/products/9","query":"","status":200,"duration":"4.3847ms","response_size":62}
{"L":"INFO","timestamp":"2026-01-31T17:33:25.099+0700","caller":"middleware/logging.go:28","M":"incoming request","method":"GET","path":"/api/v1/products/9","query":"","remote_addr":"::1","user_agent":"PostmanRuntime/7.37.3","referer":"","body_size":0,"content_type":""}
{"L":"DEBUG","timestamp":"2026-01-31T17:33:25.099+0700","caller":"adaptor/product_adaptor.go:96","M":"GetByID product handler called","client_ip":"::1"}
{"L":"DEBUG","timestamp":"2026-01-31T17:33:25.099+0700","caller":"usecase/product.go:94","M":"Fetching product by ID","id":9}
{"L":"INFO","timestamp":"2026-01-31T17:33:25.099+0700","caller":"repository/product.go:155","M":"Getting product detail","id":9}
{"L":"ERROR","timestamp":"2026-01-31T17:33:25.100+0700","caller":"repository/product.go:160","M":"Failed to get product detail","id":9,"error":"record not found","S":"aplikasi-pos-team-boolean/internal/data/repository.(*productRepository).Detail\n\tD:/Informatika/Semester 5 (PMM)/Bootcamp Golang/4. Golang Advance/Mini Project/aplikasi-pos-team-boolean/internal/data/repository/product.go:160\naplikasi-pos-team-boolean/internal/usecase.(*productUseCase).GetProductByID\n\tD:/Informatika/Semester 5 (PMM)/Bootcamp Golang/4. Golang Advance/Mini Project/aplikasi-pos-team-boolean/internal/usecase/product.go:96\naplikasi-pos-team-boolean/internal/adaptor.(*ProductAdaptor).GetByID\n\tD:/Informatika/Semester 5 (PMM)/Bootcamp Golang/4. Golang Advance/Mini Project/aplikasi-pos-team-boolean/internal/adaptor/product_adaptor.go:117\ngithub.com/gin-gonic/gin.(*Context).Next\n\tD:/Software_Programmer/Go/go/pkg/mod/github.com/gin-gonic/gin@v1.11.0/context.go:192\naplikasi-pos-team-boolean/internal/wire.InitializeApp.LoggingMiddleware.func1\n\tD:/Informatika/Semester 5 (PMM)/Bootcamp Golang/4. Golang Advance/Mini Project/aplikasi-pos-team-boolean/pkg/middleware/logging.go:40\ngithub.com/gin-gonic/gin.(*Context).Next\n\tD:/Software_Programmer/Go/go/pkg/mod/github.com/gin-gonic/gin@v1.11.0/context.go:192\ngithub.com/gin-gonic/gin.CustomRecoveryWithWriter.func1\n\tD:/Software_Programmer/Go/go/pkg/mod/github.com/gin-gonic/gin@v1.11.0/recovery.go:92\ngithub.com/gin-gonic/gin.(*Context).Next\n\tD:/Software_Programmer/Go/go/pkg/mod/github.com/gin-gonic/gin@v1.11.0/context.go:192\ngithub.com/gin-gonic/gin.LoggerWithConfig.func1\n\tD:/Software_Programmer/Go/go/pkg/mod/github.com/gin-gonic/gin@v1.11.0/logger.go:249\ngithub.com/gin-gonic/gin.(*Context).Next\n\tD:/Software_Programmer/Go/go/pkg/mod/github.com/gin-gonic/gin@v1.11.0/context.go:192\ngithub.com/gin-gonic/gin.(*Engine).handleHTTPRequest\n\tD:/Software_Programmer/Go/go/pkg/mod/github.com/gin-gonic/gin@v1.11.0/gin.go:689\ngithub.com/gin-gonic/gin.(*Engine).ServeHTTP\n\tD:/Software_Programmer/Go/go/pkg/mod/github.com/gin-gonic/gin@v1.11.0/gin.go:643\nnet/http.serverHandler.ServeHTTP\n\tD:/Software_Programmer/Go/src/net/http/server.go:3340\nnet/http.(*conn).serve\n\tD:/Software_Programmer/Go/src/net/http/server.go:2109"}
{"L":"WARN","timestamp":"2026-01-31T17:33:25.100+0700","caller":"middleware/logging.go:61","M":"request completed with client error","method":"GET","path":"/api/v1/products/9","query":"","status":404,"duration":"1.0212ms","response_size":58,"remote_addr":"::1"}
{"L":"INFO","timestamp":"2026-01-31T17:45:44.367+0700","caller":"middleware/logging.go:28","M":"incoming request","method":"GET","path":"/api/v1/products","query":"page=1&limit=10&category_id=1&is_available=1","remote_addr":"::1","user_agent":"PostmanRuntime/7.37.3","referer":"","body_size":0,"content_type":""}
{"L":"DEBUG","timestamp":"2026-01-31T17:45:44.367+0700","caller":"adaptor/product_adaptor.go:28","M":"GetList product handler called","client_ip":"::1","query_string":"page=1&limit=10&category_id=1&is_available=1"}
{"L":"DEBUG","timestamp":"2026-01-31T17:45:44.368+0700","caller":"usecase/product.go:42","M":"Fetching product list","page":1,"limit":10,"category_id":1}
{"L":"INFO","timestamp":"2026-01-31T17:45:44.368+0700","caller":"repository/product.go:32","M":"Finding all products","page":1,"limit":10,"category_id":1}
{"L":"INFO","timestamp":"2026-01-31T17:45:44.417+0700","caller":"repository/product.go:111","M":"Successfully found all products","total_items":2,"returned_items":2}
{"L":"INFO","timestamp":"2026-01-31T17:45:44.418+0700","caller":"usecase/product.go:68","M":"Product list fetched successfully","total_items":2,"returned_items":2,"page":1}
{"L":"INFO","timestamp":"2026-01-31T17:45:44.418+0700","caller":"adaptor/product_adaptor.go:80","M":"GetList product completed successfully","total_items":2,"returned_items":2,"page":1}
{"L":"INFO","timestamp":"2026-01-31T17:45:44.418+0700","caller":"middleware/logging.go:72","M":"request completed","method":"GET","path":"/api/v1/products","query":"page=1&limit=10&category_id=1&is_available=1","status":200,"duration":"50.5329ms","response_size":477}
{"L":"INFO","timestamp":"2026-01-31T17:45:52.362+0700","caller":"middleware/logging.go:28","M":"incoming request","method":"GET","path":"/api/v1/products","query":"page=1&limit=10&category_id=1&is_available=false","remote_addr":"::1","user_agent":"PostmanRuntime/7.37.3","referer":"","body_size":0,"content_type":""}
{"L":"DEBUG","timestamp":"2026-01-31T17:45:52.362+0700","caller":"adaptor/product_adaptor.go:28","M":"GetList product handler called","client_ip":"::1","query_string":"page=1&limit=10&category_id=1&is_available=false"}
{"L":"DEBUG","timestamp":"2026-01-31T17:45:52.362+0700","caller":"usecase/product.go:42","M":"Fetching product list","page":1,"limit":10,"category_id":1}
{"L":"INFO","timestamp":"2026-01-31T17:45:52.362+0700","caller":"repository/product.go:32","M":"Finding all products","page":1,"limit":10,"category_id":1}
{"L":"INFO","timestamp":"2026-01-31T17:45:52.364+0700","caller":"repository/product.go:111","M":"Successfully found all products","total_items":0,"returned_items":0}
{"L":"INFO","timestamp":"2026-01-31T17:45:52.364+0700","caller":"usecase/product.go:68","M":"Product list fetched successfully","total_items":0,"returned_items":0,"page":1}
{"L":"INFO","timestamp":"2026-01-31T17:45:52.364+0700","caller":"adaptor/product_adaptor.go:80","M":"GetList product completed successfully","total_items":0,"returned_items":0,"page":1}
{"L":"INFO","timestamp":"2026-01-31T17:45:52.364+0700","caller":"middleware/logging.go:72","M":"request completed","method":"GET","path":"/api/v1/products","query":"page=1&limit=10&category_id=1&is_available=false","status":200,"duration":"1.6536ms","response_size":123}
{"L":"INFO","timestamp":"2026-01-31T17:45:57.601+0700","caller":"middleware/logging.go:28","M":"incoming request","method":"GET","path":"/api/v1/products","query":"page=1&limit=10&category_id=1&is_available=true","remote_addr":"::1","user_agent":"PostmanRuntime/7.37.3","referer":"","body_size":0,"content_type":""}
{"L":"DEBUG","timestamp":"2026-01-31T17:45:57.601+0700","caller":"adaptor/product_adaptor.go:28","M":"GetList product handler called","client_ip":"::1","query_string":"page=1&limit=10&category_id=1&is_available=true"}
{"L":"DEBUG","timestamp":"2026-01-31T17:45:57.601+0700","caller":"usecase/product.go:42","M":"Fetching product list","page":1,"limit":10,"category_id":1}
{"L":"INFO","timestamp":"2026-01-31T17:45:57.601+0700","caller":"repository/product.go:32","M":"Finding all products","page":1,"limit":10,"category_id":1}
{"L":"INFO","timestamp":"2026-01-31T17:45:57.603+0700","caller":"repository/product.go:111","M":"Successfully found all products","total_items":2,"returned_items":2}
{"L":"INFO","timestamp":"2026-01-31T17:45:57.603+0700","caller":"usecase/product.go:68","M":"Product list fetched successfully","total_items":2,"returned_items":2,"page":1}
{"L":"INFO","timestamp":"2026-01-31T17:45:57.603+0700","caller":"adaptor/product_adaptor.go:80","M":"GetList product completed successfully","total_items":2,"returned_items":2,"page":1}
{"L":"INFO","timestamp":"2026-01-31T17:45:57.603+0700","caller":"middleware/logging.go:72","M":"request completed","method":"GET","path":"/api/v1/products","query":"page=1&limit=10&category_id=1&is_available=true","status":200,"duration":"2.0611ms","response_size":477}
{"L":"INFO","timestamp":"2026-01-31T17:47:44.002+0700","caller":"middleware/logging.go:28","M":"incoming request","method":"GET","path":"/api/v1/products/category/1","query":"","remote_addr":"::1","user_agent":"PostmanRuntime/7.37.3","referer":"","body_size":0,"content_type":""}
{"L":"WARN","timestamp":"2026-01-31T17:47:44.002+0700","caller":"middleware/logging.go:61","M":"request completed with client error","method":"GET","path":"/api/v1/products/category/1","query":"","status":404,"duration":"0s","response_size":-1,"remote_addr":"::1"}
{"L":"INFO","timestamp":"2026-01-31T17:48:20.435+0700","caller":"middleware/logging.go:28","M":"incoming request","method":"GET","path":"/api/v1/products/category/1","query":"","remote_addr":"::1","user_agent":"PostmanRuntime/7.37.3","referer":"","body_size":0,"content_type":""}
{"L":"WARN","timestamp":"2026-01-31T17:48:20.435+0700","caller":"middleware/logging.go:61","M":"request completed with client error","method":"GET","path":"/api/v1/products/category/1","query":"","status":404,"duration":"0s","response_size":-1,"remote_addr":"::1"}
{"L":"INFO","timestamp":"2026-01-31T17:48:29.550+0700","caller":"middleware/logging.go:28","M":"incoming request","method":"GET","path":"/api/v1/products/1","query":"","remote_addr":"::1","user_agent":"PostmanRuntime/7.37.3","referer":"","body_size":0,"content_type":""}
{"L":"DEBUG","timestamp":"2026-01-31T17:48:29.550+0700","caller":"adaptor/product_adaptor.go:96","M":"GetByID product handler called","client_ip":"::1"}
{"L":"DEBUG","timestamp":"2026-01-31T17:48:29.550+0700","caller":"usecase/product.go:94","M":"Fetching product by ID","id":1}
{"L":"INFO","timestamp":"2026-01-31T17:48:29.550+0700","caller":"repository/product.go:155","M":"Getting product detail","id":1}
{"L":"INFO","timestamp":"2026-01-31T17:48:29.551+0700","caller":"repository/product.go:166","M":"Successfully retrieved product detail","id":1,"product_name":"Margherita Pizza"}
{"L":"INFO","timestamp":"2026-01-31T17:48:29.552+0700","caller":"usecase/product.go:104","M":"Product fetched successfully","id":1,"product_name":"Margherita Pizza"}
{"L":"INFO","timestamp":"2026-01-31T17:48:29.552+0700","caller":"adaptor/product_adaptor.go:140","M":"GetByID product completed successfully","id":1,"name":"Margherita Pizza"}
{"L":"INFO","timestamp":"2026-01-31T17:48:29.552+0700","caller":"middleware/logging.go:72","M":"request completed","method":"GET","path":"/api/v1/products/1","query":"","status":200,"duration":"2.3062ms","response_size":326}
{"L":"INFO","timestamp":"2026-01-31T17:48:36.491+0700","caller":"middleware/logging.go:28","M":"incoming request","method":"GET","path":"/api/v1/products/6","query":"","remote_addr":"::1","user_agent":"PostmanRuntime/7.37.3","referer":"","body_size":0,"content_type":""}
{"L":"DEBUG","timestamp":"2026-01-31T17:48:36.491+0700","caller":"adaptor/product_adaptor.go:96","M":"GetByID product handler called","client_ip":"::1"}
{"L":"DEBUG","timestamp":"2026-01-31T17:48:36.491+0700","caller":"usecase/product.go:94","M":"Fetching product by ID","id":6}
{"L":"INFO","timestamp":"2026-01-31T17:48:36.491+0700","caller":"repository/product.go:155","M":"Getting product detail","id":6}
{"L":"INFO","timestamp":"2026-01-31T17:48:36.493+0700","caller":"repository/product.go:166","M":"Successfully retrieved product detail","id":6,"product_name":"Iced Coffee"}
{"L":"INFO","timestamp":"2026-01-31T17:48:36.493+0700","caller":"usecase/product.go:104","M":"Product fetched successfully","id":6,"product_name":"Iced Coffee"}
{"L":"INFO","timestamp":"2026-01-31T17:48:36.493+0700","caller":"adaptor/product_adaptor.go:140","M":"GetByID product completed successfully","id":6,"name":"Iced Coffee"}
{"L":"INFO","timestamp":"2026-01-31T17:48:36.493+0700","caller":"middleware/logging.go:72","M":"request completed","method":"GET","path":"/api/v1/products/6","query":"","status":200,"duration":"1.5412ms","response_size":325}
{"L":"INFO","timestamp":"2026-01-31T17:49:37.068+0700","caller":"middleware/logging.go:28","M":"incoming request","method":"GET","path":"/api/v1/products/6","query":"page=1&limit=5","remote_addr":"::1","user_agent":"PostmanRuntime/7.37.3","referer":"","body_size":0,"content_type":""}
{"L":"DEBUG","timestamp":"2026-01-31T17:49:37.068+0700","caller":"adaptor/product_adaptor.go:96","M":"GetByID product handler called","client_ip":"::1"}
{"L":"DEBUG","timestamp":"2026-01-31T17:49:37.068+0700","caller":"usecase/product.go:94","M":"Fetching product by ID","id":6}
{"L":"INFO","timestamp":"2026-01-31T17:49:37.068+0700","caller":"repository/product.go:155","M":"Getting product detail","id":6}
{"L":"INFO","timestamp":"2026-01-31T17:49:37.070+0700","caller":"repository/product.go:166","M":"Successfully retrieved product detail","id":6,"product_name":"Iced Coffee"}
{"L":"INFO","timestamp":"2026-01-31T17:49:37.070+0700","caller":"usecase/product.go:104","M":"Product fetched successfully","id":6,"product_name":"Iced Coffee"}
{"L":"INFO","timestamp":"2026-01-31T17:49:37.070+0700","caller":"adaptor/product_adaptor.go:140","M":"GetByID product completed successfully","id":6,"name":"Iced Coffee"}
{"L":"INFO","timestamp":"2026-01-31T17:49:37.070+0700","caller":"middleware/logging.go:72","M":"request completed","method":"GET","path":"/api/v1/products/6","query":"page=1&limit=5","status":200,"duration":"2.2652ms","response_size":325}
{"L":"INFO","timestamp":"2026-01-31T17:49:48.664+0700","caller":"middleware/logging.go:28","M":"incoming request","method":"GET","path":"/api/v1/products/6","query":"page=1&limit=10","remote_addr":"::1","user_agent":"PostmanRuntime/7.37.3","referer":"","body_size":0,"content_type":""}
{"L":"DEBUG","timestamp":"2026-01-31T17:49:48.664+0700","caller":"adaptor/product_adaptor.go:96","M":"GetByID product handler called","client_ip":"::1"}
{"L":"DEBUG","timestamp":"2026-01-31T17:49:48.664+0700","caller":"usecase/product.go:94","M":"Fetching product by ID","id":6}
{"L":"INFO","timestamp":"2026-01-31T17:49:48.665+0700","caller":"repository/product.go:155","M":"Getting product detail","id":6}
{"L":"INFO","timestamp":"2026-01-31T17:49:48.666+0700","caller":"repository/product.go:166","M":"Successfully retrieved product detail","id":6,"product_name":"Iced Coffee"}
{"L":"INFO","timestamp":"2026-01-31T17:49:48.666+0700","caller":"usecase/product.go:104","M":"Product fetched successfully","id":6,"product_name":"Iced Coffee"}
{"L":"INFO","timestamp":"2026-01-31T17:49:48.666+0700","caller":"adaptor/product_adaptor.go:140","M":"GetByID product completed successfully","id":6,"name":"Iced Coffee"}
{"L":"INFO","timestamp":"2026-01-31T17:49:48.666+0700","caller":"middleware/logging.go:72","M":"request completed","method":"GET","path":"/api/v1/products/6","query":"page=1&limit=10","status":200,"duration":"1.7451ms","response_size":325}
{"L":"INFO","timestamp":"2026-01-31T18:38:34.729+0700","caller":"middleware/logging.go:28","M":"incoming request","method":"GET","path":"/api/v1/categories","query":"page=1&limit=10","remote_addr":"::1","user_agent":"PostmanRuntime/7.37.3","referer":"","body_size":0,"content_type":""}
{"L":"DEBUG","timestamp":"2026-01-31T18:38:34.729+0700","caller":"adaptor/category_adaptor.go:28","M":"GetList category handler called","client_ip":"::1","query_string":"page=1&limit=10"}
{"L":"DEBUG","timestamp":"2026-01-31T18:38:34.729+0700","caller":"usecase/category.go:37","M":"Fetching category list","page":1,"limit":10}
{"L":"INFO","timestamp":"2026-01-31T18:38:34.729+0700","caller":"repository/category.go:33","M":"Finding all categories","page":1,"limit":10}
{"L":"INFO","timestamp":"2026-01-31T18:38:34.776+0700","caller":"repository/category.go:88","M":"Successfully found all categories","total_items":7,"returned_items":7}
{"L":"INFO","timestamp":"2026-01-31T18:38:34.776+0700","caller":"usecase/category.go:62","M":"Category list fetched successfully","total_items":7,"returned_items":7,"page":1}
{"L":"INFO","timestamp":"2026-01-31T18:38:34.782+0700","caller":"adaptor/category_adaptor.go:65","M":"GetList category completed successfully","total_items":7,"returned_items":7,"page":1}
{"L":"INFO","timestamp":"2026-01-31T18:38:34.782+0700","caller":"middleware/logging.go:72","M":"request completed","method":"GET","path":"/api/v1/categories","query":"page=1&limit=10","status":200,"duration":"52.9621ms","response_size":654}
{"L":"INFO","timestamp":"2026-01-31T18:40:18.015+0700","caller":"middleware/logging.go:28","M":"incoming request","method":"GET","path":"/api/v1/categories/8","query":"","remote_addr":"::1","user_agent":"PostmanRuntime/7.37.3","referer":"","body_size":0,"content_type":""}
{"L":"DEBUG","timestamp":"2026-01-31T18:40:18.015+0700","caller":"adaptor/category_adaptor.go:81","M":"GetByID category handler called","client_ip":"::1"}
{"L":"DEBUG","timestamp":"2026-01-31T18:40:18.015+0700","caller":"usecase/category.go:95","M":"Fetching category by ID","id":8}
{"L":"INFO","timestamp":"2026-01-31T18:40:18.015+0700","caller":"repository/category.go:131","M":"Getting category detail","id":8}
{"L":"ERROR","timestamp":"2026-01-31T18:40:18.016+0700","caller":"repository/category.go:136","M":"Failed to get category detail","id":8,"error":"record not found","S":"aplikasi-pos-team-boolean/internal/data/repository.(*categoryRepository).Detail\n\tD:/Informatika/Semester 5 (PMM)/Bootcamp Golang/4. Golang Advance/Mini Project/aplikasi-pos-team-boolean/internal/data/repository/category.go:136\naplikasi-pos-team-boolean/internal/usecase.(*categoryUseCase).GetCategoryByID\n\tD:/Informatika/Semester 5 (PMM)/Bootcamp Golang/4. Golang Advance/Mini Project/aplikasi-pos-team-boolean/internal/usecase/category.go:97\naplikasi-pos-team-boolean/internal/adaptor.(*CategoryAdaptor).GetByID\n\tD:/Informatika/Semester 5 (PMM)/Bootcamp Golang/4. Golang Advance/Mini Project/aplikasi-pos-team-boolean/internal/adaptor/category_adaptor.go:102\ngithub.com/gin-gonic/gin.(*Context).Next\n\tD:/Software_Programmer/Go/go/pkg/mod/github.com/gin-gonic/gin@v1.11.0/context.go:192\naplikasi-pos-team-boolean/internal/wire.InitializeApp.LoggingMiddleware.func1\n\tD:/Informatika/Semester 5 (PMM)/Bootcamp Golang/4. Golang Advance/Mini Project/aplikasi-pos-team-boolean/pkg/middleware/logging.go:40\ngithub.com/gin-gonic/gin.(*Context).Next\n\tD:/Software_Programmer/Go/go/pkg/mod/github.com/gin-gonic/gin@v1.11.0/context.go:192\ngithub.com/gin-gonic/gin.CustomRecoveryWithWriter.func1\n\tD:/Software_Programmer/Go/go/pkg/mod/github.com/gin-gonic/gin@v1.11.0/recovery.go:92\ngithub.com/gin-gonic/gin.(*Context).Next\n\tD:/Software_Programmer/Go/go/pkg/mod/github.com/gin-gonic/gin@v1.11.0/context.go:192\ngithub.com/gin-gonic/gin.LoggerWithConfig.func1\n\tD:/Software_Programmer/Go/go/pkg/mod/github.com/gin-gonic/gin@v1.11.0/logger.go:249\ngithub.com/gin-gonic/gin.(*Context).Next\n\tD:/Software_Programmer/Go/go/pkg/mod/github.com/gin-gonic/gin@v1.11.0/context.go:192\ngithub.com/gin-gonic/gin.(*Engine).handleHTTPRequest\n\tD:/Software_Programmer/Go/go/pkg/mod/github.com/gin-gonic/gin@v1.11.0/gin.go:689\ngithub.com/gin-gonic/gin.(*Engine).ServeHTTP\n\tD:/Software_Programmer/Go/go/pkg/mod/github.com/gin-gonic/gin@v1.11.0/gin.go:643\nnet/http.serverHandler.ServeHTTP\n\tD:/Software_Programmer/Go/src/net/http/server.go:3340\nnet/http.(*conn).serve\n\tD:/Software_Programmer/Go/src/net/http/server.go:2109"}
{"L":"WARN","timestamp":"2026-01-31T18:40:18.016+0700","caller":"middleware/logging.go:61","M":"request completed with client error","method":"GET","path":"/api/v1/categories/8","query":"","status":404,"duration":"1.7086ms","response_size":59,"remote_addr":"::1"}
{"L":"INFO","timestamp":"2026-01-31T18:40:23.190+0700","caller":"middleware/logging.go:28","M":"incoming request","method":"GET","path":"/api/v1/categories/5","query":"","remote_addr":"::1","user_agent":"PostmanRuntime/7.37.3","referer":"","body_size":0,"content_type":""}
{"L":"DEBUG","timestamp":"2026-01-31T18:40:23.190+0700","caller":"adaptor/category_adaptor.go:81","M":"GetByID category handler called","client_ip":"::1"}
{"L":"DEBUG","timestamp":"2026-01-31T18:40:23.190+0700","caller":"usecase/category.go:95","M":"Fetching category by ID","id":5}
{"L":"INFO","timestamp":"2026-01-31T18:40:23.190+0700","caller":"repository/category.go:131","M":"Getting category detail","id":5}
{"L":"INFO","timestamp":"2026-01-31T18:40:23.191+0700","caller":"repository/category.go:142","M":"Successfully retrieved category detail","id":5,"category_name":"Beverage"}
{"L":"INFO","timestamp":"2026-01-31T18:40:23.191+0700","caller":"usecase/category.go:105","M":"Category fetched successfully","id":5,"category_name":"Beverage"}
{"L":"INFO","timestamp":"2026-01-31T18:40:23.192+0700","caller":"adaptor/category_adaptor.go:125","M":"GetByID category completed successfully","id":5,"name":"Beverage"}
{"L":"INFO","timestamp":"2026-01-31T18:40:23.192+0700","caller":"middleware/logging.go:72","M":"request completed","method":"GET","path":"/api/v1/categories/5","query":"","status":200,"duration":"1.5958ms","response_size":257}
{"L":"INFO","timestamp":"2026-01-31T18:59:40.199+0700","caller":"utils/logger.go:71","M":"Logger initialized","log_file":"logs\\app-2026-01-31.log","debug_mode":true}
{"L":"INFO","timestamp":"2026-01-31T18:59:40.199+0700","caller":"aplikasi-pos-team-boolean/main.go:35","M":"Application starting","environment":"","debug":true}
{"L":"INFO","timestamp":"2026-01-31T18:59:40.240+0700","caller":"aplikasi-pos-team-boolean/main.go:46","M":"Database connection successful"}
{"L":"INFO","timestamp":"2026-01-31T18:59:40.240+0700","caller":"aplikasi-pos-team-boolean/main.go:57","M":"Running database migration","seed":false}
{"L":"INFO","timestamp":"2026-01-31T18:59:40.478+0700","caller":"wire/wire.go:191","M":"Routes registered successfully"}
{"L":"INFO","timestamp":"2026-01-31T18:59:40.478+0700","caller":"aplikasi-pos-team-boolean/main.go:72","M":"Server starting","port":"8080"}
{"L":"INFO","timestamp":"2026-01-31T19:01:30.048+0700","caller":"middleware/logging.go:28","M":"incoming request","method":"GET","path":"/api/v1/dashboard/summary","query":"","remote_addr":"::1","user_agent":"PostmanRuntime/7.37.3","referer":"","body_size":0,"content_type":""}
{"L":"INFO","timestamp":"2026-01-31T19:01:30.048+0700","caller":"adaptor/dashboard_adaptor.go:43","M":"GetSummary request received"}
{"L":"INFO","timestamp":"2026-01-31T19:01:30.048+0700","caller":"usecase/dashboard.go:32","M":"Getting dashboard summary"}
{"L":"INFO","timestamp":"2026-01-31T19:01:30.048+0700","caller":"repository/dashboard.go:44","M":"Getting daily sales summary"}
{"L":"INFO","timestamp":"2026-01-31T19:01:30.053+0700","caller":"repository/dashboard.go:123","M":"Successfully retrieved sales summary","total_orders":0,"total_revenue":0}
{"L":"INFO","timestamp":"2026-01-31T19:01:30.053+0700","caller":"repository/dashboard.go:55","M":"Getting monthly sales summary"}
{"L":"INFO","timestamp":"2026-01-31T19:01:30.054+0700","caller":"repository/dashboard.go:123","M":"Successfully retrieved sales summary","total_orders":3,"total_revenue":215500}
{"L":"INFO","timestamp":"2026-01-31T19:01:30.054+0700","caller":"repository/dashboard.go:131","M":"Getting table summary"}
{"L":"INFO","timestamp":"2026-01-31T19:01:30.055+0700","caller":"repository/dashboard.go:171","M":"Successfully retrieved table summary","total_tables":5,"available_tables":5}
{"L":"INFO","timestamp":"2026-01-31T19:01:30.055+0700","caller":"usecase/dashboard.go:61","M":"Successfully retrieved dashboard summary"}
{"L":"INFO","timestamp":"2026-01-31T19:01:30.055+0700","caller":"adaptor/dashboard_adaptor.go:56","M":"Dashboard summary retrieved successfully"}
{"L":"INFO","timestamp":"2026-01-31T19:01:30.055+0700","caller":"middleware/logging.go:72","M":"request completed","method":"GET","path":"/api/v1/dashboard/summary","query":"","status":200,"duration":"7.5357ms","response_size":478}
{"L":"INFO","timestamp":"2026-01-31T19:02:12.195+0700","caller":"middleware/logging.go:28","M":"incoming request","method":"GET","path":"/api/v1/dashboard/popular-products","query":"limit=10","remote_addr":"::1","user_agent":"PostmanRuntime/7.37.3","referer":"","body_size":0,"content_type":""}
{"L":"INFO","timestamp":"2026-01-31T19:02:12.196+0700","caller":"adaptor/dashboard_adaptor.go:77","M":"GetPopularProducts request received"}
{"L":"INFO","timestamp":"2026-01-31T19:02:12.196+0700","caller":"usecase/dashboard.go:66","M":"Getting popular products","limit":10}
{"L":"INFO","timestamp":"2026-01-31T19:02:12.196+0700","caller":"repository/dashboard.go:179","M":"Getting popular products","limit":10}
{"L":"INFO","timestamp":"2026-01-31T19:02:12.198+0700","caller":"repository/dashboard.go:210","M":"Successfully retrieved popular products","count":2}
{"L":"INFO","timestamp":"2026-01-31T19:02:12.198+0700","caller":"usecase/dashboard.go:93","M":"Successfully retrieved popular products","count":2}
{"L":"INFO","timestamp":"2026-01-31T19:02:12.198+0700","caller":"adaptor/dashboard_adaptor.go:97","M":"Popular products retrieved successfully","count":2}
{"L":"INFO","timestamp":"2026-01-31T19:02:12.199+0700","caller":"middleware/logging.go:72","M":"request completed","method":"GET","path":"/api/v1/dashboard/popular-products","query":"limit=10","status":200,"duration":"3.678ms","response_size":394}
{"L":"INFO","timestamp":"2026-01-31T19:03:02.524+0700","caller":"middleware/logging.go:28","M":"incoming request","method":"GET","path":"/api/v1/dashboard/new-products","query":"limit=10","remote_addr":"::1","user_agent":"PostmanRuntime/7.37.3","referer":"","body_size":0,"content_type":""}
{"L":"INFO","timestamp":"2026-01-31T19:03:02.524+0700","caller":"adaptor/dashboard_adaptor.go:118","M":"GetNewProducts request received"}
{"L":"INFO","timestamp":"2026-01-31T19:03:02.524+0700","caller":"usecase/dashboard.go:98","M":"Getting new products","limit":10}
{"L":"INFO","timestamp":"2026-01-31T19:03:02.524+0700","caller":"repository/dashboard.go:215","M":"Getting new products","days":30,"limit":10}
{"L":"INFO","timestamp":"2026-01-31T19:03:02.526+0700","caller":"repository/dashboard.go:233","M":"Successfully retrieved new products","count":8}
{"L":"INFO","timestamp":"2026-01-31T19:03:02.526+0700","caller":"usecase/dashboard.go:132","M":"Successfully retrieved new products","count":8}
{"L":"INFO","timestamp":"2026-01-31T19:03:02.526+0700","caller":"adaptor/dashboard_adaptor.go:138","M":"New products retrieved successfully","count":8}
{"L":"INFO","timestamp":"2026-01-31T19:03:02.526+0700","caller":"middleware/logging.go:72","M":"request completed","method":"GET","path":"/api/v1/dashboard/new-products","query":"limit=10","status":200,"duration":"2.7481ms","response_size":1916}
{"L":"INFO","timestamp":"2026-01-31T23:22:20.722+0700","caller":"middleware/logging.go:28","M":"incoming request","method":"GET","path":"/api/v1/dashboard/popular-products","query":"limit=10","remote_addr":"::1","user_agent":"PostmanRuntime/7.37.3","referer":"","body_size":0,"content_type":""}
{"L":"INFO","timestamp":"2026-01-31T23:22:20.723+0700","caller":"adaptor/dashboard_adaptor.go:77","M":"GetPopularProducts request received"}
{"L":"INFO","timestamp":"2026-01-31T23:22:20.723+0700","caller":"usecase/dashboard.go:66","M":"Getting popular products","limit":10}
{"L":"INFO","timestamp":"2026-01-31T23:22:20.723+0700","caller":"repository/dashboard.go:179","M":"Getting popular products","limit":10}
{"L":"INFO","timestamp":"2026-01-31T23:22:20.773+0700","caller":"repository/dashboard.go:210","M":"Successfully retrieved popular products","count":2}
{"L":"INFO","timestamp":"2026-01-31T23:22:20.773+0700","caller":"usecase/dashboard.go:93","M":"Successfully retrieved popular products","count":2}
{"L":"INFO","timestamp":"2026-01-31T23:22:20.773+0700","caller":"adaptor/dashboard_adaptor.go:97","M":"Popular products retrieved successfully","count":2}
{"L":"INFO","timestamp":"2026-01-31T23:22:20.773+0700","caller":"middleware/logging.go:72","M":"request completed","method":"GET","path":"/api/v1/dashboard/popular-products","query":"limit=10","status":200,"duration":"50.5807ms","response_size":394}
{"L":"INFO","timestamp":"2026-01-31T23:24:46.205+0700","caller":"middleware/logging.go:28","M":"incoming request","method":"GET","path":"/api/v1/dashboard/summary","query":"","remote_addr":"::1","user_agent":"PostmanRuntime/7.37.3","referer":"","body_size":0,"content_type":""}
{"L":"INFO","timestamp":"2026-01-31T23:24:46.205+0700","caller":"adaptor/dashboard_adaptor.go:43","M":"GetSummary request received"}
{"L":"INFO","timestamp":"2026-01-31T23:24:46.205+0700","caller":"usecase/dashboard.go:32","M":"Getting dashboard summary"}
{"L":"INFO","timestamp":"2026-01-31T23:24:46.205+0700","caller":"repository/dashboard.go:44","M":"Getting daily sales summary"}
{"L":"INFO","timestamp":"2026-01-31T23:24:46.209+0700","caller":"repository/dashboard.go:123","M":"Successfully retrieved sales summary","total_orders":0,"total_revenue":0}
{"L":"INFO","timestamp":"2026-01-31T23:24:46.210+0700","caller":"repository/dashboard.go:55","M":"Getting monthly sales summary"}
{"L":"INFO","timestamp":"2026-01-31T23:24:46.211+0700","caller":"repository/dashboard.go:123","M":"Successfully retrieved sales summary","total_orders":3,"total_revenue":215500}
{"L":"INFO","timestamp":"2026-01-31T23:24:46.211+0700","caller":"repository/dashboard.go:131","M":"Getting table summary"}
{"L":"INFO","timestamp":"2026-01-31T23:24:46.215+0700","caller":"repository/dashboard.go:171","M":"Successfully retrieved table summary","total_tables":5,"available_tables":5}
{"L":"INFO","timestamp":"2026-01-31T23:24:46.215+0700","caller":"usecase/dashboard.go:61","M":"Successfully retrieved dashboard summary"}
{"L":"INFO","timestamp":"2026-01-31T23:24:46.215+0700","caller":"adaptor/dashboard_adaptor.go:56","M":"Dashboard summary retrieved successfully"}
{"L":"INFO","timestamp":"2026-01-31T23:24:46.215+0700","caller":"middleware/logging.go:72","M":"request completed","method":"GET","path":"/api/v1/dashboard/summary","query":"","status":200,"duration":"10.2146ms","response_size":478}
{"L":"INFO","timestamp":"2026-01-31T23:33:30.672+0700","caller":"utils/logger.go:71","M":"Logger initialized","log_file":"logs\\app-2026-01-31.log","debug_mode":true}
{"L":"INFO","timestamp":"2026-01-31T23:33:30.672+0700","caller":"aplikasi-pos-team-boolean/main.go:35","M":"Application starting","environment":"","debug":true}
{"L":"INFO","timestamp":"2026-01-31T23:33:30.823+0700","caller":"aplikasi-pos-team-boolean/main.go:46","M":"Database connection successful"}
{"L":"INFO","timestamp":"2026-01-31T23:33:30.823+0700","caller":"aplikasi-pos-team-boolean/main.go:57","M":"Running database migration","seed":false}
{"L":"INFO","timestamp":"2026-01-31T23:33:31.066+0700","caller":"wire/wire.go:191","M":"Routes registered successfully"}
{"L":"INFO","timestamp":"2026-01-31T23:33:31.066+0700","caller":"aplikasi-pos-team-boolean/main.go:72","M":"Server starting","port":"8080"}
